#
# There is insufficient memory for the Java Runtime Environment to continue.
# Native memory allocation (malloc) failed to allocate 1118656 bytes for Chunk::new
# Possible reasons:
#   The system is out of physical RAM or swap space
#   The process is running with CompressedOops enabled, and the Java Heap may be blocking the growth of the native heap
# Possible solutions:
#   Reduce memory load on the system
#   Increase physical memory or swap space
#   Check if swap backing store is full
#   Decrease Java heap size (-Xmx/-Xms)
#   Decrease number of Java threads
#   Decrease Java thread stack sizes (-Xss)
#   Set larger code cache with -XX:ReservedCodeCacheSize=
#   JVM is running with Unscaled Compressed Oops mode in which the Java heap is
#     placed in the first 4GB address space. The Java Heap base address is the
#     maximum limit for the native heap growth. Please use -XX:HeapBaseMinAddress
#     to set the Java Heap base and to place the Java Heap above 4GB virtual address.
# This output file may be truncated or incomplete.
#
#  Out of Memory Error (src/hotspot/share/memory/arena.cpp:197), pid=17104, tid=15700
#
# JRE version: OpenJDK Runtime Environment (11.0.15) (build 11.0.15+0-b2043.56-9505619)
# Java VM: OpenJDK 64-Bit Server VM (11.0.15+0-b2043.56-9505619, mixed mode, tiered, compressed oops, g1 gc, windows-amd64)
# No core dump will be written. Minidumps are not enabled by default on client versions of Windows
#

---------------  S U M M A R Y ------------

Command Line: --add-opens=java.base/java.util=ALL-UNNAMED --add-opens=java.base/java.lang=ALL-UNNAMED --add-opens=java.base/java.lang.invoke=ALL-UNNAMED --add-opens=java.base/java.util=ALL-UNNAMED --add-opens=java.prefs/java.util.prefs=ALL-UNNAMED --add-opens=java.prefs/java.util.prefs=ALL-UNNAMED --add-opens=java.base/java.nio.charset=ALL-UNNAMED --add-opens=java.base/java.net=ALL-UNNAMED --add-opens=java.base/java.util.concurrent.atomic=ALL-UNNAMED -Xmx2048m -Dfile.encoding=UTF-8 -Duser.country=US -Duser.language=en -Duser.variant org.gradle.launcher.daemon.bootstrap.GradleDaemon 7.5

Host: Intel(R) Core(TM) i5-10400F CPU @ 2.90GHz, 12 cores, 15G,  Windows 10 , 64 bit Build 19041 (10.0.19041.2546)
Time: Tue Apr 11 04:49:31 2023 W. Europe Daylight Time elapsed time: 4479.717394 seconds (0d 1h 14m 39s)

---------------  T H R E A D  ---------------

Current thread (0x000001f55da00000):  JavaThread "C2 CompilerThread0" daemon [_thread_in_native, id=15700, stack(0x000000380ee00000,0x000000380ef00000)]


Current CompileTask:
C2:4479717 31834   !   4       org.gradle.internal.event.DefaultListenerManager::getBroadcasterInternal (155 bytes)

Stack: [0x000000380ee00000,0x000000380ef00000]
Native frames: (J=compiled Java code, j=interpreted, Vv=VM code, C=native code)
V  [jvm.dll+0x64135a]
V  [jvm.dll+0x7d39f9]
V  [jvm.dll+0x7d51b9]
V  [jvm.dll+0x7d58a3]
V  [jvm.dll+0x2691c5]
V  [jvm.dll+0xc1a5c]
V  [jvm.dll+0xc200c]
V  [jvm.dll+0x2da2c2]
V  [jvm.dll+0x54cad9]
V  [jvm.dll+0x220c9d]
V  [jvm.dll+0x223152]
V  [jvm.dll+0x220384]
V  [jvm.dll+0x19e851]
V  [jvm.dll+0x230479]
V  [jvm.dll+0x22e5ef]
V  [jvm.dll+0x794de1]
V  [jvm.dll+0x78dc24]
V  [jvm.dll+0x6400f6]
C  [ucrtbase.dll+0x21bb2]
C  [KERNEL32.DLL+0x17614]
C  [ntdll.dll+0x526a1]


---------------  P R O C E S S  ---------------

Threads class SMR info:
_java_thread_list=0x000001f560702d20, length=126, elements={
0x000001f54283a000, 0x000001f55d994800, 0x000001f55d992800, 0x000001f55d995800,
0x000001f55d991800, 0x000001f55d996800, 0x000001f55da00000, 0x000001f55da05800,
0x000001f55da0d000, 0x000001f55d990800, 0x000001f55d997000, 0x000001f55d993000,
0x000001f55d994000, 0x000001f5602c1800, 0x000001f5602bb800, 0x000001f5602c2000,
0x000001f5602bd800, 0x000001f5602bc800, 0x000001f5602c4000, 0x000001f5602c5800,
0x000001f5602c7000, 0x000001f560439000, 0x000001f560441800, 0x000001f560440800,
0x000001f56043e000, 0x000001f563a0b800, 0x000001f563a09000, 0x000001f563a07800,
0x000001f563a08800, 0x000001f563a0a000, 0x000001f563a0c800, 0x000001f563a0b000,
0x000001f563a11800, 0x000001f5634d6000, 0x000001f56906b800, 0x000001f569071800,
0x000001f56b03b000, 0x000001f56b038000, 0x000001f56b035800, 0x000001f56b03c000,
0x000001f56b03c800, 0x000001f56b037000, 0x000001f56b042800, 0x000001f56b040000,
0x000001f56b043000, 0x000001f56b041000, 0x000001f563a16800, 0x000001f56b03e800,
0x000001f56b038800, 0x000001f56b036000, 0x000001f56b03f000, 0x000001f56b039800,
0x000001f56b03a800, 0x000001f56b041800, 0x000001f56b044000, 0x000001f569d9f800,
0x000001f569da0000, 0x000001f569da2000, 0x000001f569d9e800, 0x000001f566518800,
0x000001f569da1000, 0x000001f569da3800, 0x000001f569d9e000, 0x000001f569da2800,
0x000001f569da8800, 0x000001f569da6000, 0x000001f569da7000, 0x000001f569da5000,
0x000001f569da4800, 0x000001f569dac800, 0x000001f569dad800, 0x000001f569dab000,
0x000001f569da7800, 0x000001f569dae000, 0x000001f569daf000, 0x000001f569da9000,
0x000001f569daf800, 0x000001f569daa000, 0x000001f569db2000, 0x000001f569db1800,
0x000001f569db4800, 0x000001f569db5800, 0x000001f569db0800, 0x000001f569db6800,
0x000001f569db8800, 0x000001f569db7000, 0x000001f569db8000, 0x000001f569db3000,
0x000001f569db9800, 0x000001f569db4000, 0x000001f569dba800, 0x000001f569dbb000,
0x000001f569dbd000, 0x000001f569dbc000, 0x000001f569072000, 0x000001f56906d800,
0x000001f56906f000, 0x000001f56906c800, 0x000001f569073000, 0x000001f569074000,
0x000001f56906e000, 0x000001f569074800, 0x000001f569075800, 0x000001f56906f800,
0x000001f56907c000, 0x000001f569076000, 0x000001f569078800, 0x000001f56907b000,
0x000001f56907a800, 0x000001f56907d000, 0x000001f569077000, 0x000001f56907d800,
0x000001f569078000, 0x000001f569079800, 0x000001f569080000, 0x000001f569082800,
0x000001f569083800, 0x000001f569084000, 0x000001f569081800, 0x000001f56907e800,
0x000001f569085000, 0x000001f56907f000, 0x000001f569085800, 0x000001f569086800,
0x000001f569081000, 0x000001f56908a800
}

Java Threads: ( => current thread )
  0x000001f54283a000 JavaThread "main" [_thread_blocked, id=13756, stack(0x000000380e200000,0x000000380e300000)]
  0x000001f55d994800 JavaThread "Reference Handler" daemon [_thread_blocked, id=6548, stack(0x000000380e900000,0x000000380ea00000)]
  0x000001f55d992800 JavaThread "Finalizer" daemon [_thread_blocked, id=8332, stack(0x000000380ea00000,0x000000380eb00000)]
  0x000001f55d995800 JavaThread "Signal Dispatcher" daemon [_thread_blocked, id=17364, stack(0x000000380eb00000,0x000000380ec00000)]
  0x000001f55d991800 JavaThread "Attach Listener" daemon [_thread_blocked, id=5928, stack(0x000000380ec00000,0x000000380ed00000)]
  0x000001f55d996800 JavaThread "Service Thread" daemon [_thread_blocked, id=7108, stack(0x000000380ed00000,0x000000380ee00000)]
=>0x000001f55da00000 JavaThread "C2 CompilerThread0" daemon [_thread_in_native, id=15700, stack(0x000000380ee00000,0x000000380ef00000)]
  0x000001f55da05800 JavaThread "C1 CompilerThread0" daemon [_thread_blocked, id=12268, stack(0x000000380ef00000,0x000000380f000000)]
  0x000001f55da0d000 JavaThread "Sweeper thread" daemon [_thread_blocked, id=17300, stack(0x000000380f000000,0x000000380f100000)]
  0x000001f55d990800 JavaThread "Common-Cleaner" daemon [_thread_blocked, id=2172, stack(0x000000380f100000,0x000000380f200000)]
  0x000001f55d997000 JavaThread "Daemon health stats" [_thread_blocked, id=7984, stack(0x000000380fa00000,0x000000380fb00000)]
  0x000001f55d993000 JavaThread "Incoming local TCP Connector on port 51149" [_thread_in_native, id=2320, stack(0x000000380f300000,0x000000380f400000)]
  0x000001f55d994000 JavaThread "Daemon periodic checks" [_thread_blocked, id=2008, stack(0x000000380f900000,0x000000380fa00000)]
  0x000001f5602c1800 JavaThread "Cache worker for journal cache (C:\Users\adamd\.gradle\caches\journal-1)" [_thread_blocked, id=3112, stack(0x0000003810300000,0x0000003810400000)]
  0x000001f5602bb800 JavaThread "File lock request listener" [_thread_in_native, id=10884, stack(0x0000003810400000,0x0000003810500000)]
  0x000001f5602c2000 JavaThread "Cache worker for file hash cache (C:\Users\adamd\.gradle\caches\7.5\fileHashes)" [_thread_blocked, id=6176, stack(0x0000003810500000,0x0000003810600000)]
  0x000001f5602bd800 JavaThread "File watcher server" daemon [_thread_in_native, id=7708, stack(0x0000003810d00000,0x0000003810e00000)]
  0x000001f5602bc800 JavaThread "File watcher consumer" daemon [_thread_blocked, id=4564, stack(0x0000003810e00000,0x0000003810f00000)]
  0x000001f5602c4000 JavaThread "Cache worker for file content cache (C:\Users\adamd\.gradle\caches\7.5\fileContent)" [_thread_blocked, id=15356, stack(0x0000003811100000,0x0000003811200000)]
  0x000001f5602c5800 JavaThread "Cache worker for execution history cache (C:\Users\adamd\.gradle\caches\7.5\executionHistory)" [_thread_blocked, id=11836, stack(0x0000003811400000,0x0000003811500000)]
  0x000001f5602c7000 JavaThread "jar transforms" [_thread_blocked, id=11396, stack(0x0000003811500000,0x0000003811600000)]
  0x000001f560439000 JavaThread "jar transforms Thread 2" [_thread_blocked, id=1692, stack(0x0000003811600000,0x0000003811700000)]
  0x000001f560441800 JavaThread "jar transforms Thread 3" [_thread_blocked, id=12372, stack(0x0000003811700000,0x0000003811800000)]
  0x000001f560440800 JavaThread "jar transforms Thread 4" [_thread_blocked, id=6416, stack(0x0000003811800000,0x0000003811900000)]
  0x000001f56043e000 JavaThread "jar transforms Thread 5" [_thread_blocked, id=6712, stack(0x0000003811a00000,0x0000003811b00000)]
  0x000001f563a0b800 JavaThread "jar transforms Thread 6" [_thread_blocked, id=6076, stack(0x0000003819400000,0x0000003819500000)]
  0x000001f563a09000 JavaThread "jar transforms Thread 7" [_thread_blocked, id=15340, stack(0x0000003819500000,0x0000003819600000)]
  0x000001f563a07800 JavaThread "jar transforms Thread 8" [_thread_blocked, id=15060, stack(0x0000003819600000,0x0000003819700000)]
  0x000001f563a08800 JavaThread "jar transforms Thread 9" [_thread_blocked, id=2280, stack(0x0000003819700000,0x0000003819800000)]
  0x000001f563a0a000 JavaThread "jar transforms Thread 10" [_thread_blocked, id=17040, stack(0x0000003819800000,0x0000003819900000)]
  0x000001f563a0c800 JavaThread "jar transforms Thread 11" [_thread_blocked, id=17116, stack(0x0000003819900000,0x0000003819a00000)]
  0x000001f563a0b000 JavaThread "jar transforms Thread 12" [_thread_blocked, id=6716, stack(0x0000003819a00000,0x0000003819b00000)]
  0x000001f563a11800 JavaThread "Memory manager" [_thread_blocked, id=4792, stack(0x0000003819c00000,0x0000003819d00000)]
  0x000001f5634d6000 JavaThread "Cache worker for Java compile cache (C:\Users\adamd\.gradle\caches\7.5\javaCompile)" [_thread_blocked, id=3892, stack(0x000000381ae00000,0x000000381af00000)]
  0x000001f56906b800 JavaThread "Daemon Thread 14" [_thread_blocked, id=11360, stack(0x000000380df00000,0x000000380e000000)]
  0x000001f569071800 JavaThread "Daemon worker Thread 14" [_thread_blocked, id=15556, stack(0x000000380fb00000,0x000000380fc00000)]
  0x000001f56b03b000 JavaThread "ForkJoinPool.commonPool-worker-17" daemon [_thread_blocked, id=10024, stack(0x000000381cb00000,0x000000381cc00000)]
  0x000001f56b038000 JavaThread "ForkJoinPool.commonPool-worker-3" daemon [_thread_blocked, id=9016, stack(0x000000381cc00000,0x000000381cd00000)]
  0x000001f56b035800 JavaThread "ForkJoinPool.commonPool-worker-21" daemon [_thread_blocked, id=5012, stack(0x000000381ce00000,0x000000381cf00000)]
  0x000001f56b03c000 JavaThread "ForkJoinPool.commonPool-worker-7" daemon [_thread_blocked, id=15992, stack(0x000000381cf00000,0x000000381d000000)]
  0x000001f56b03c800 JavaThread "ForkJoinPool.commonPool-worker-11" daemon [_thread_blocked, id=16880, stack(0x000000381d000000,0x000000381d100000)]
  0x000001f56b037000 JavaThread "ForkJoinPool.commonPool-worker-25" daemon [_thread_blocked, id=11820, stack(0x000000381d100000,0x000000381d200000)]
  0x000001f56b042800 JavaThread "ForkJoinPool.commonPool-worker-29" daemon [_thread_blocked, id=8404, stack(0x000000381d200000,0x000000381d300000)]
  0x000001f56b040000 JavaThread "ForkJoinPool.commonPool-worker-1" daemon [_thread_blocked, id=12440, stack(0x000000381d300000,0x000000381d400000)]
  0x000001f56b043000 JavaThread "ForkJoinPool.commonPool-worker-15" daemon [_thread_blocked, id=3196, stack(0x000000381a000000,0x000000381a100000)]
  0x000001f56b041000 JavaThread "ForkJoinPool.commonPool-worker-19" daemon [_thread_blocked, id=13568, stack(0x000000381d400000,0x000000381d500000)]
  0x000001f563a16800 JavaThread "included builds" [_thread_blocked, id=16656, stack(0x000000381a200000,0x000000381a300000)]
  0x000001f56b03e800 JavaThread "ForkJoinPool.commonPool-worker-5" daemon [_thread_blocked, id=3948, stack(0x000000381ca00000,0x000000381cb00000)]
  0x000001f56b038800 JavaThread "Handler for socket connection from /127.0.0.1:51149 to /127.0.0.1:56828" [_thread_in_native, id=7728, stack(0x000000380e000000,0x000000380e100000)]
  0x000001f56b036000 JavaThread "Cancel handler" [_thread_blocked, id=7684, stack(0x000000380e100000,0x000000380e200000)]
  0x000001f56b03f000 JavaThread "Asynchronous log dispatcher for DefaultDaemonConnection: socket connection from /127.0.0.1:51149 to /127.0.0.1:56828" [_thread_blocked, id=7696, stack(0x000000380fc00000,0x000000380fd00000)]
  0x000001f56b039800 JavaThread "Stdin handler" [_thread_blocked, id=13504, stack(0x000000380fd00000,0x000000380fe00000)]
  0x000001f56b03a800 JavaThread "Daemon client event forwarder" [_thread_blocked, id=16512, stack(0x000000380fe00000,0x000000380ff00000)]
  0x000001f56b041800 JavaThread "Cache worker for checksums cache (D:\ImageClassification2\.gradle\7.5\checksums)" [_thread_blocked, id=14200, stack(0x000000380ff00000,0x0000003810000000)]
  0x000001f56b044000 JavaThread "Cache worker for cache directory md-rule (C:\Users\adamd\.gradle\caches\7.5\md-rule)" [_thread_blocked, id=16536, stack(0x0000003810000000,0x0000003810100000)]
  0x000001f569d9f800 JavaThread "Cache worker for file hash cache (D:\ImageClassification2\.gradle\7.5\fileHashes)" [_thread_blocked, id=2244, stack(0x0000003810100000,0x0000003810200000)]
  0x000001f569da0000 JavaThread "Cache worker for cache directory md-supplier (C:\Users\adamd\.gradle\caches\7.5\md-supplier)" [_thread_blocked, id=16564, stack(0x0000003810200000,0x0000003810300000)]
  0x000001f569da2000 JavaThread "Cache worker for dependencies-accessors (D:\ImageClassification2\.gradle\7.5\dependencies-accessors)" [_thread_blocked, id=1656, stack(0x0000003810c00000,0x0000003810d00000)]
  0x000001f569d9e800 JavaThread "Cache worker for Build Output Cleanup Cache (D:\ImageClassification2\.gradle\buildOutputCleanup)" [_thread_blocked, id=12964, stack(0x0000003811c00000,0x0000003811d00000)]
  0x000001f566518800 JavaThread "C2 CompilerThread1" daemon [_thread_blocked, id=5684, stack(0x0000003811e00000,0x0000003811f00000)]
  0x000001f569da1000 JavaThread "Unconstrained build operations" [_thread_blocked, id=14976, stack(0x0000003811f00000,0x0000003812000000)]
  0x000001f569da3800 JavaThread "Unconstrained build operations Thread 2" [_thread_blocked, id=6088, stack(0x0000003812000000,0x0000003812100000)]
  0x000001f569d9e000 JavaThread "Unconstrained build operations Thread 3" [_thread_blocked, id=9968, stack(0x0000003812100000,0x0000003812200000)]
  0x000001f569da2800 JavaThread "Unconstrained build operations Thread 4" [_thread_blocked, id=3496, stack(0x0000003812200000,0x0000003812300000)]
  0x000001f569da8800 JavaThread "Unconstrained build operations Thread 5" [_thread_blocked, id=10808, stack(0x0000003812300000,0x0000003812400000)]
  0x000001f569da6000 JavaThread "Unconstrained build operations Thread 6" [_thread_blocked, id=15348, stack(0x0000003812400000,0x0000003812500000)]
  0x000001f569da7000 JavaThread "Unconstrained build operations Thread 7" [_thread_blocked, id=9020, stack(0x0000003812500000,0x0000003812600000)]
  0x000001f569da5000 JavaThread "Unconstrained build operations Thread 8" [_thread_blocked, id=2880, stack(0x0000003812600000,0x0000003812700000)]
  0x000001f569da4800 JavaThread "Unconstrained build operations Thread 9" [_thread_blocked, id=4152, stack(0x0000003812700000,0x0000003812800000)]
  0x000001f569dac800 JavaThread "Unconstrained build operations Thread 10" [_thread_blocked, id=10368, stack(0x0000003812800000,0x0000003812900000)]
  0x000001f569dad800 JavaThread "Unconstrained build operations Thread 11" [_thread_blocked, id=6992, stack(0x0000003812900000,0x0000003812a00000)]
  0x000001f569dab000 JavaThread "Unconstrained build operations Thread 12" [_thread_blocked, id=10960, stack(0x0000003812a00000,0x0000003812b00000)]
  0x000001f569da7800 JavaThread "Unconstrained build operations Thread 13" [_thread_blocked, id=16568, stack(0x0000003812b00000,0x0000003812c00000)]
  0x000001f569dae000 JavaThread "Unconstrained build operations Thread 14" [_thread_blocked, id=8228, stack(0x0000003812c00000,0x0000003812d00000)]
  0x000001f569daf000 JavaThread "Unconstrained build operations Thread 15" [_thread_blocked, id=9324, stack(0x0000003812d00000,0x0000003812e00000)]
  0x000001f569da9000 JavaThread "Unconstrained build operations Thread 16" [_thread_blocked, id=14260, stack(0x0000003812e00000,0x0000003812f00000)]
  0x000001f569daf800 JavaThread "Unconstrained build operations Thread 17" [_thread_blocked, id=8248, stack(0x0000003812f00000,0x0000003813000000)]
  0x000001f569daa000 JavaThread "Unconstrained build operations Thread 18" [_thread_blocked, id=10052, stack(0x0000003813000000,0x0000003813100000)]
  0x000001f569db2000 JavaThread "Unconstrained build operations Thread 19" [_thread_blocked, id=17396, stack(0x0000003813100000,0x0000003813200000)]
  0x000001f569db1800 JavaThread "Unconstrained build operations Thread 20" [_thread_blocked, id=14444, stack(0x0000003813200000,0x0000003813300000)]
  0x000001f569db4800 JavaThread "Unconstrained build operations Thread 21" [_thread_blocked, id=3000, stack(0x0000003813300000,0x0000003813400000)]
  0x000001f569db5800 JavaThread "Unconstrained build operations Thread 22" [_thread_blocked, id=15664, stack(0x0000003813400000,0x0000003813500000)]
  0x000001f569db0800 JavaThread "Unconstrained build operations Thread 23" [_thread_blocked, id=8660, stack(0x0000003813500000,0x0000003813600000)]
  0x000001f569db6800 JavaThread "Unconstrained build operations Thread 24" [_thread_blocked, id=13052, stack(0x0000003813600000,0x0000003813700000)]
  0x000001f569db8800 JavaThread "Unconstrained build operations Thread 25" [_thread_blocked, id=9564, stack(0x0000003813700000,0x0000003813800000)]
  0x000001f569db7000 JavaThread "Unconstrained build operations Thread 26" [_thread_blocked, id=8324, stack(0x0000003813800000,0x0000003813900000)]
  0x000001f569db8000 JavaThread "Unconstrained build operations Thread 27" [_thread_blocked, id=2304, stack(0x0000003813900000,0x0000003813a00000)]
  0x000001f569db3000 JavaThread "Unconstrained build operations Thread 28" [_thread_blocked, id=3828, stack(0x0000003813a00000,0x0000003813b00000)]
  0x000001f569db9800 JavaThread "Unconstrained build operations Thread 29" [_thread_blocked, id=12364, stack(0x0000003813b00000,0x0000003813c00000)]
  0x000001f569db4000 JavaThread "Unconstrained build operations Thread 30" [_thread_blocked, id=9876, stack(0x0000003813c00000,0x0000003813d00000)]
  0x000001f569dba800 JavaThread "Unconstrained build operations Thread 31" [_thread_blocked, id=8772, stack(0x0000003813d00000,0x0000003813e00000)]
  0x000001f569dbb000 JavaThread "Unconstrained build operations Thread 32" [_thread_blocked, id=11468, stack(0x0000003813e00000,0x0000003813f00000)]
  0x000001f569dbd000 JavaThread "Unconstrained build operations Thread 33" [_thread_blocked, id=9144, stack(0x0000003813f00000,0x0000003814000000)]
  0x000001f569dbc000 JavaThread "Unconstrained build operations Thread 34" [_thread_blocked, id=17160, stack(0x0000003814000000,0x0000003814100000)]
  0x000001f569072000 JavaThread "Unconstrained build operations Thread 35" [_thread_blocked, id=6772, stack(0x0000003814100000,0x0000003814200000)]
  0x000001f56906d800 JavaThread "Unconstrained build operations Thread 36" [_thread_blocked, id=4596, stack(0x0000003814200000,0x0000003814300000)]
  0x000001f56906f000 JavaThread "Unconstrained build operations Thread 37" [_thread_blocked, id=10820, stack(0x0000003814300000,0x0000003814400000)]
  0x000001f56906c800 JavaThread "Unconstrained build operations Thread 38" [_thread_blocked, id=1416, stack(0x0000003814400000,0x0000003814500000)]
  0x000001f569073000 JavaThread "Unconstrained build operations Thread 39" [_thread_blocked, id=7220, stack(0x0000003814500000,0x0000003814600000)]
  0x000001f569074000 JavaThread "Unconstrained build operations Thread 40" [_thread_blocked, id=16436, stack(0x0000003814600000,0x0000003814700000)]
  0x000001f56906e000 JavaThread "Unconstrained build operations Thread 41" [_thread_blocked, id=1756, stack(0x0000003814700000,0x0000003814800000)]
  0x000001f569074800 JavaThread "Unconstrained build operations Thread 42" [_thread_blocked, id=7700, stack(0x0000003814800000,0x0000003814900000)]
  0x000001f569075800 JavaThread "Unconstrained build operations Thread 43" [_thread_blocked, id=9516, stack(0x0000003814900000,0x0000003814a00000)]
  0x000001f56906f800 JavaThread "Unconstrained build operations Thread 44" [_thread_blocked, id=7788, stack(0x0000003814a00000,0x0000003814b00000)]
  0x000001f56907c000 JavaThread "Unconstrained build operations Thread 45" [_thread_blocked, id=11852, stack(0x0000003814b00000,0x0000003814c00000)]
  0x000001f569076000 JavaThread "Unconstrained build operations Thread 46" [_thread_blocked, id=4268, stack(0x0000003814c00000,0x0000003814d00000)]
  0x000001f569078800 JavaThread "Unconstrained build operations Thread 47" [_thread_blocked, id=2604, stack(0x0000003814d00000,0x0000003814e00000)]
  0x000001f56907b000 JavaThread "Unconstrained build operations Thread 48" [_thread_blocked, id=15988, stack(0x0000003814e00000,0x0000003814f00000)]
  0x000001f56907a800 JavaThread "Unconstrained build operations Thread 49" [_thread_blocked, id=14464, stack(0x0000003814f00000,0x0000003815000000)]
  0x000001f56907d000 JavaThread "Unconstrained build operations Thread 50" [_thread_blocked, id=13572, stack(0x0000003815000000,0x0000003815100000)]
  0x000001f569077000 JavaThread "Unconstrained build operations Thread 51" [_thread_blocked, id=412, stack(0x0000003815100000,0x0000003815200000)]
  0x000001f56907d800 JavaThread "Unconstrained build operations Thread 52" [_thread_blocked, id=8480, stack(0x0000003815200000,0x0000003815300000)]
  0x000001f569078000 JavaThread "Unconstrained build operations Thread 53" [_thread_blocked, id=10200, stack(0x0000003815300000,0x0000003815400000)]
  0x000001f569079800 JavaThread "Unconstrained build operations Thread 54" [_thread_blocked, id=8140, stack(0x0000003815400000,0x0000003815500000)]
  0x000001f569080000 JavaThread "Unconstrained build operations Thread 55" [_thread_blocked, id=15228, stack(0x0000003815500000,0x0000003815600000)]
  0x000001f569082800 JavaThread "Unconstrained build operations Thread 56" [_thread_blocked, id=1740, stack(0x0000003815600000,0x0000003815700000)]
  0x000001f569083800 JavaThread "Unconstrained build operations Thread 57" [_thread_blocked, id=6280, stack(0x0000003815700000,0x0000003815800000)]
  0x000001f569084000 JavaThread "Unconstrained build operations Thread 58" [_thread_blocked, id=3404, stack(0x0000003815800000,0x0000003815900000)]
  0x000001f569081800 JavaThread "Unconstrained build operations Thread 59" [_thread_blocked, id=8504, stack(0x0000003815900000,0x0000003815a00000)]
  0x000001f56907e800 JavaThread "Unconstrained build operations Thread 60" [_thread_blocked, id=6364, stack(0x0000003815a00000,0x0000003815b00000)]
  0x000001f569085000 JavaThread "Unconstrained build operations Thread 61" [_thread_blocked, id=10384, stack(0x0000003815b00000,0x0000003815c00000)]
  0x000001f56907f000 JavaThread "Unconstrained build operations Thread 62" [_thread_blocked, id=7732, stack(0x0000003815c00000,0x0000003815d00000)]
  0x000001f569085800 JavaThread "Unconstrained build operations Thread 63" [_thread_blocked, id=2044, stack(0x0000003815d00000,0x0000003815e00000)]
  0x000001f569086800 JavaThread "Unconstrained build operations Thread 64" [_thread_blocked, id=6392, stack(0x0000003815e00000,0x0000003815f00000)]
  0x000001f569081000 JavaThread "Unconstrained build operations Thread 65" [_thread_in_vm, id=3312, stack(0x0000003815f00000,0x0000003816000000)]
  0x000001f56908a800 JavaThread "Unconstrained build operations Thread 66" [_thread_blocked, id=7860, stack(0x0000003816000000,0x0000003816100000)]

Other Threads:
  0x000001f55d98d000 VMThread "VM Thread" [stack: 0x000000380e800000,0x000000380e900000] [id=8256]
  0x000001f55db9a800 WatcherThread [stack: 0x000000380f200000,0x000000380f300000] [id=15996]
  0x000001f54072e000 GCTaskThread "GC Thread#0" [stack: 0x000000380e300000,0x000000380e400000] [id=8252]
  0x000001f55f014800 GCTaskThread "GC Thread#1" [stack: 0x000000380f400000,0x000000380f500000] [id=16908]
  0x000001f55ebce800 GCTaskThread "GC Thread#2" [stack: 0x000000380f500000,0x000000380f600000] [id=16920]
  0x000001f55ec04800 GCTaskThread "GC Thread#3" [stack: 0x000000380f600000,0x000000380f700000] [id=17036]
  0x000001f55e797800 GCTaskThread "GC Thread#4" [stack: 0x000000380f700000,0x000000380f800000] [id=8372]
  0x000001f55e798800 GCTaskThread "GC Thread#5" [stack: 0x000000380f800000,0x000000380f900000] [id=2152]
  0x000001f55f525800 GCTaskThread "GC Thread#6" [stack: 0x0000003810600000,0x0000003810700000] [id=11364]
  0x000001f55f4a2800 GCTaskThread "GC Thread#7" [stack: 0x0000003810700000,0x0000003810800000] [id=8548]
  0x000001f560387800 GCTaskThread "GC Thread#8" [stack: 0x0000003810800000,0x0000003810900000] [id=7988]
  0x000001f55f61e800 GCTaskThread "GC Thread#9" [stack: 0x0000003810900000,0x0000003810a00000] [id=13400]
  0x000001f542882000 ConcurrentGCThread "G1 Main Marker" [stack: 0x000000380e400000,0x000000380e500000] [id=17316]
  0x000001f542883000 ConcurrentGCThread "G1 Conc#0" [stack: 0x000000380e500000,0x000000380e600000] [id=5300]
  0x000001f55e645000 ConcurrentGCThread "G1 Conc#1" [stack: 0x0000003810a00000,0x0000003810b00000] [id=6760]
  0x000001f560c0a800 ConcurrentGCThread "G1 Conc#2" [stack: 0x0000003810b00000,0x0000003810c00000] [id=14788]
  0x000001f54290e800 ConcurrentGCThread "G1 Refine#0" [stack: 0x000000380e600000,0x000000380e700000] [id=4540]
  0x000001f56675a000 ConcurrentGCThread "G1 Refine#1" [stack: 0x0000003811000000,0x0000003811100000] [id=8960]
  0x000001f562ff4800 ConcurrentGCThread "G1 Refine#2" [stack: 0x0000003810f00000,0x0000003811000000] [id=1120]
  0x000001f569d39000 ConcurrentGCThread "G1 Refine#3" [stack: 0x0000003811200000,0x0000003811300000] [id=6676]
  0x000001f565335800 ConcurrentGCThread "G1 Refine#4" [stack: 0x0000003811300000,0x0000003811400000] [id=7864]
  0x000001f569f5e000 ConcurrentGCThread "G1 Refine#5" [stack: 0x0000003811900000,0x0000003811a00000] [id=5016]
  0x000001f56aa7c800 ConcurrentGCThread "G1 Refine#6" [stack: 0x0000003811b00000,0x0000003811c00000] [id=2772]
  0x000001f5695df000 ConcurrentGCThread "G1 Refine#7" [stack: 0x0000003811d00000,0x0000003811e00000] [id=5936]
  0x000001f55cfdb800 ConcurrentGCThread "G1 Young RemSet Sampling" [stack: 0x000000380e700000,0x000000380e800000] [id=17304]

Threads with active compile tasks:
C2 CompilerThread0  4479738 31834   !   4       org.gradle.internal.event.DefaultListenerManager::getBroadcasterInternal (155 bytes)
C2 CompilerThread1  4479738 31860       4       java.lang.System::getProperty (25 bytes)

VM state:synchronizing (normal execution)

VM Mutex/Monitor currently owned by a thread:  ([mutex/lock_event])
[0x000001f542836990] Threads_lock - owner thread: 0x000001f55d98d000

OutOfMemory and StackOverflow Exception counts:
OutOfMemoryError java_heap_errors=1
LinkageErrors=216

Heap address: 0x0000000080000000, size: 2048 MB, Compressed Oops mode: 32-bit
Narrow klass base: 0x0000000000000000, Narrow klass shift: 3
Compressed class space size: 1073741824 Address: 0x0000000100000000

Heap:
 garbage-first heap   total 271360K, used 110810K [0x0000000080000000, 0x0000000100000000)
  region size 1024K, 12 young (12288K), 2 survivors (2048K)
 Metaspace       used 137957K, capacity 143394K, committed 143792K, reserved 1173504K
  class space    used 17050K, capacity 19063K, committed 19276K, reserved 1048576K
Heap Regions: E=young(eden), S=young(survivor), O=old, HS=humongous(starts), HC=humongous(continues), CS=collection set, F=free, A=archive, TAMS=top-at-mark-start (previous, next)
|   0|0x0000000080000000, 0x0000000080100000, 0x0000000080100000|100%| O|  |TAMS 0x0000000080100000, 0x0000000080000000| Untracked 
|   1|0x0000000080100000, 0x0000000080200000, 0x0000000080200000|100%| O|  |TAMS 0x0000000080200000, 0x0000000080100000| Untracked 
|   2|0x0000000080200000, 0x0000000080300000, 0x0000000080300000|100%| O|  |TAMS 0x0000000080300000, 0x0000000080200000| Untracked 
|   3|0x0000000080300000, 0x0000000080400000, 0x0000000080400000|100%|HS|  |TAMS 0x0000000080400000, 0x0000000080300000| Complete 
|   4|0x0000000080400000, 0x0000000080500000, 0x0000000080500000|100%|HC|  |TAMS 0x0000000080500000, 0x0000000080400000| Complete 
|   5|0x0000000080500000, 0x0000000080600000, 0x0000000080600000|100%|HC|  |TAMS 0x0000000080600000, 0x0000000080500000| Complete 
|   6|0x0000000080600000, 0x0000000080700000, 0x0000000080700000|100%| O|  |TAMS 0x0000000080700000, 0x0000000080600000| Untracked 
|   7|0x0000000080700000, 0x0000000080800000, 0x0000000080800000|100%| O|  |TAMS 0x0000000080800000, 0x0000000080700000| Untracked 
|   8|0x0000000080800000, 0x0000000080900000, 0x0000000080900000|100%| O|  |TAMS 0x0000000080900000, 0x0000000080800000| Untracked 
|   9|0x0000000080900000, 0x0000000080a00000, 0x0000000080a00000|100%| O|  |TAMS 0x0000000080a00000, 0x0000000080900000| Untracked 
|  10|0x0000000080a00000, 0x0000000080b00000, 0x0000000080b00000|100%| O|  |TAMS 0x0000000080b00000, 0x0000000080a00000| Untracked 
|  11|0x0000000080b00000, 0x0000000080c00000, 0x0000000080c00000|100%| O|  |TAMS 0x0000000080c00000, 0x0000000080b00000| Untracked 
|  12|0x0000000080c00000, 0x0000000080d00000, 0x0000000080d00000|100%| O|  |TAMS 0x0000000080d00000, 0x0000000080c00000| Untracked 
|  13|0x0000000080d00000, 0x0000000080e00000, 0x0000000080e00000|100%| O|  |TAMS 0x0000000080e00000, 0x0000000080d00000| Untracked 
|  14|0x0000000080e00000, 0x0000000080f00000, 0x0000000080f00000|100%| O|  |TAMS 0x0000000080f00000, 0x0000000080e00000| Untracked 
|  15|0x0000000080f00000, 0x0000000081000000, 0x0000000081000000|100%| O|  |TAMS 0x0000000081000000, 0x0000000080f00000| Untracked 
|  16|0x0000000081000000, 0x0000000081100000, 0x0000000081100000|100%| O|  |TAMS 0x0000000081100000, 0x0000000081000000| Untracked 
|  17|0x0000000081100000, 0x0000000081200000, 0x0000000081200000|100%|HS|  |TAMS 0x0000000081200000, 0x0000000081100000| Complete 
|  18|0x0000000081200000, 0x0000000081300000, 0x0000000081300000|100%|HS|  |TAMS 0x0000000081300000, 0x0000000081200000| Complete 
|  19|0x0000000081300000, 0x0000000081400000, 0x0000000081400000|100%| O|  |TAMS 0x0000000081400000, 0x0000000081300000| Untracked 
|  20|0x0000000081400000, 0x0000000081500000, 0x0000000081500000|100%| O|  |TAMS 0x0000000081500000, 0x0000000081400000| Untracked 
|  21|0x0000000081500000, 0x0000000081600000, 0x0000000081600000|100%| O|  |TAMS 0x0000000081600000, 0x0000000081500000| Untracked 
|  22|0x0000000081600000, 0x0000000081700000, 0x0000000081700000|100%| O|  |TAMS 0x0000000081700000, 0x0000000081600000| Untracked 
|  23|0x0000000081700000, 0x0000000081800000, 0x0000000081800000|100%| O|  |TAMS 0x0000000081800000, 0x0000000081700000| Untracked 
|  24|0x0000000081800000, 0x0000000081900000, 0x0000000081900000|100%| O|  |TAMS 0x0000000081900000, 0x0000000081800000| Untracked 
|  25|0x0000000081900000, 0x0000000081a00000, 0x0000000081a00000|100%| O|  |TAMS 0x0000000081a00000, 0x0000000081900000| Untracked 
|  26|0x0000000081a00000, 0x0000000081b00000, 0x0000000081b00000|100%| O|  |TAMS 0x0000000081b00000, 0x0000000081a00000| Untracked 
|  27|0x0000000081b00000, 0x0000000081c00000, 0x0000000081c00000|100%| O|  |TAMS 0x0000000081c00000, 0x0000000081b00000| Untracked 
|  28|0x0000000081c00000, 0x0000000081d00000, 0x0000000081d00000|100%| O|  |TAMS 0x0000000081d00000, 0x0000000081c00000| Untracked 
|  29|0x0000000081d00000, 0x0000000081e00000, 0x0000000081e00000|100%| O|  |TAMS 0x0000000081e00000, 0x0000000081d00000| Untracked 
|  30|0x0000000081e00000, 0x0000000081f00000, 0x0000000081f00000|100%| O|  |TAMS 0x0000000081f00000, 0x0000000081e00000| Untracked 
|  31|0x0000000081f00000, 0x0000000082000000, 0x0000000082000000|100%| O|  |TAMS 0x0000000082000000, 0x0000000081f00000| Untracked 
|  32|0x0000000082000000, 0x0000000082100000, 0x0000000082100000|100%| O|  |TAMS 0x0000000082100000, 0x0000000082000000| Untracked 
|  33|0x0000000082100000, 0x0000000082200000, 0x0000000082200000|100%| O|  |TAMS 0x0000000082200000, 0x0000000082100000| Untracked 
|  34|0x0000000082200000, 0x0000000082300000, 0x0000000082300000|100%| O|  |TAMS 0x0000000082300000, 0x0000000082200000| Untracked 
|  35|0x0000000082300000, 0x0000000082400000, 0x0000000082400000|100%| O|  |TAMS 0x0000000082400000, 0x0000000082300000| Untracked 
|  36|0x0000000082400000, 0x0000000082500000, 0x0000000082500000|100%| O|  |TAMS 0x0000000082500000, 0x0000000082400000| Untracked 
|  37|0x0000000082500000, 0x0000000082600000, 0x0000000082600000|100%| O|  |TAMS 0x0000000082600000, 0x0000000082500000| Untracked 
|  38|0x0000000082600000, 0x0000000082700000, 0x0000000082700000|100%| O|  |TAMS 0x0000000082700000, 0x0000000082600000| Untracked 
|  39|0x0000000082700000, 0x0000000082800000, 0x0000000082800000|100%| O|  |TAMS 0x0000000082700000, 0x0000000082700000| Untracked 
|  40|0x0000000082800000, 0x0000000082900000, 0x0000000082900000|100%| O|  |TAMS 0x0000000082900000, 0x0000000082800000| Untracked 
|  41|0x0000000082900000, 0x0000000082a00000, 0x0000000082a00000|100%| O|  |TAMS 0x0000000082a00000, 0x0000000082900000| Untracked 
|  42|0x0000000082a00000, 0x0000000082b00000, 0x0000000082b00000|100%| O|  |TAMS 0x0000000082b00000, 0x0000000082a00000| Untracked 
|  43|0x0000000082b00000, 0x0000000082c00000, 0x0000000082c00000|100%| O|  |TAMS 0x0000000082c00000, 0x0000000082b00000| Untracked 
|  44|0x0000000082c00000, 0x0000000082d00000, 0x0000000082d00000|100%| O|  |TAMS 0x0000000082d00000, 0x0000000082c00000| Untracked 
|  45|0x0000000082d00000, 0x0000000082e00000, 0x0000000082e00000|100%| O|  |TAMS 0x0000000082e00000, 0x0000000082d00000| Untracked 
|  46|0x0000000082e00000, 0x0000000082e00000, 0x0000000082f00000|  0%| F|  |TAMS 0x0000000082e00000, 0x0000000082e00000| Untracked 
|  47|0x0000000082f00000, 0x0000000083000000, 0x0000000083000000|100%| O|  |TAMS 0x0000000083000000, 0x0000000082f00000| Untracked 
|  48|0x0000000083000000, 0x0000000083100000, 0x0000000083100000|100%| O|  |TAMS 0x0000000083100000, 0x0000000083000000| Untracked 
|  49|0x0000000083100000, 0x0000000083200000, 0x0000000083200000|100%| O|  |TAMS 0x0000000083200000, 0x0000000083100000| Untracked 
|  50|0x0000000083200000, 0x0000000083300000, 0x0000000083300000|100%| O|  |TAMS 0x0000000083300000, 0x0000000083200000| Untracked 
|  51|0x0000000083300000, 0x0000000083400000, 0x0000000083400000|100%| O|  |TAMS 0x0000000083400000, 0x0000000083300000| Untracked 
|  52|0x0000000083400000, 0x0000000083500000, 0x0000000083500000|100%| O|  |TAMS 0x0000000083500000, 0x0000000083400000| Untracked 
|  53|0x0000000083500000, 0x0000000083600000, 0x0000000083600000|100%| O|  |TAMS 0x0000000083600000, 0x0000000083500000| Untracked 
|  54|0x0000000083600000, 0x0000000083700000, 0x0000000083700000|100%| O|  |TAMS 0x0000000083700000, 0x0000000083600000| Untracked 
|  55|0x0000000083700000, 0x0000000083800000, 0x0000000083800000|100%| O|  |TAMS 0x0000000083800000, 0x0000000083700000| Untracked 
|  56|0x0000000083800000, 0x0000000083900000, 0x0000000083900000|100%| O|  |TAMS 0x0000000083900000, 0x0000000083800000| Untracked 
|  57|0x0000000083900000, 0x0000000083900000, 0x0000000083a00000|  0%| F|  |TAMS 0x0000000083900000, 0x0000000083900000| Untracked 
|  58|0x0000000083a00000, 0x0000000083a00000, 0x0000000083b00000|  0%| F|  |TAMS 0x0000000083a00000, 0x0000000083a00000| Untracked 
|  59|0x0000000083b00000, 0x0000000083c00000, 0x0000000083c00000|100%| O|  |TAMS 0x0000000083b00000, 0x0000000083b00000| Untracked 
|  60|0x0000000083c00000, 0x0000000083c00000, 0x0000000083d00000|  0%| F|  |TAMS 0x0000000083c00000, 0x0000000083c00000| Untracked 
|  61|0x0000000083d00000, 0x0000000083d00000, 0x0000000083e00000|  0%| F|  |TAMS 0x0000000083d00000, 0x0000000083d00000| Untracked 
|  62|0x0000000083e00000, 0x0000000083e00000, 0x0000000083f00000|  0%| F|  |TAMS 0x0000000083e00000, 0x0000000083e00000| Untracked 
|  63|0x0000000083f00000, 0x0000000083f00000, 0x0000000084000000|  0%| F|  |TAMS 0x0000000083f00000, 0x0000000083f00000| Untracked 
|  64|0x0000000084000000, 0x0000000084100000, 0x0000000084100000|100%| O|  |TAMS 0x0000000084100000, 0x0000000084000000| Untracked 
|  65|0x0000000084100000, 0x0000000084200000, 0x0000000084200000|100%| O|  |TAMS 0x0000000084200000, 0x0000000084100000| Untracked 
|  66|0x0000000084200000, 0x0000000084300000, 0x0000000084300000|100%| O|  |TAMS 0x0000000084300000, 0x0000000084200000| Untracked 
|  67|0x0000000084300000, 0x0000000084400000, 0x0000000084400000|100%| O|  |TAMS 0x0000000084400000, 0x0000000084300000| Untracked 
|  68|0x0000000084400000, 0x0000000084500000, 0x0000000084500000|100%| O|  |TAMS 0x0000000084500000, 0x0000000084400000| Untracked 
|  69|0x0000000084500000, 0x0000000084600000, 0x0000000084600000|100%| O|  |TAMS 0x0000000084600000, 0x0000000084500000| Untracked 
|  70|0x0000000084600000, 0x0000000084700000, 0x0000000084700000|100%| O|  |TAMS 0x0000000084700000, 0x0000000084600000| Untracked 
|  71|0x0000000084700000, 0x0000000084800000, 0x0000000084800000|100%| O|  |TAMS 0x0000000084800000, 0x0000000084700000| Untracked 
|  72|0x0000000084800000, 0x0000000084900000, 0x0000000084900000|100%| O|  |TAMS 0x0000000084900000, 0x0000000084800000| Untracked 
|  73|0x0000000084900000, 0x0000000084a00000, 0x0000000084a00000|100%| O|  |TAMS 0x0000000084a00000, 0x0000000084900000| Untracked 
|  74|0x0000000084a00000, 0x0000000084b00000, 0x0000000084b00000|100%| O|  |TAMS 0x0000000084b00000, 0x0000000084a00000| Untracked 
|  75|0x0000000084b00000, 0x0000000084b00000, 0x0000000084c00000|  0%| F|  |TAMS 0x0000000084b00000, 0x0000000084b00000| Untracked 
|  76|0x0000000084c00000, 0x0000000084c00000, 0x0000000084d00000|  0%| F|  |TAMS 0x0000000084c00000, 0x0000000084c00000| Untracked 
|  77|0x0000000084d00000, 0x0000000084e00000, 0x0000000084e00000|100%| O|  |TAMS 0x0000000084e00000, 0x0000000084d00000| Untracked 
|  78|0x0000000084e00000, 0x0000000084f00000, 0x0000000084f00000|100%| O|  |TAMS 0x0000000084f00000, 0x0000000084e00000| Untracked 
|  79|0x0000000084f00000, 0x0000000084f00000, 0x0000000085000000|  0%| F|  |TAMS 0x0000000084f00000, 0x0000000084f00000| Untracked 
|  80|0x0000000085000000, 0x0000000085000000, 0x0000000085100000|  0%| F|  |TAMS 0x0000000085000000, 0x0000000085000000| Untracked 
|  81|0x0000000085100000, 0x0000000085100000, 0x0000000085200000|  0%| F|  |TAMS 0x0000000085100000, 0x0000000085100000| Untracked 
|  82|0x0000000085200000, 0x0000000085300000, 0x0000000085300000|100%| O|  |TAMS 0x0000000085280200, 0x0000000085200000| Untracked 
|  83|0x0000000085300000, 0x0000000085400000, 0x0000000085400000|100%| O|  |TAMS 0x0000000085300000, 0x0000000085300000| Untracked 
|  84|0x0000000085400000, 0x0000000085500000, 0x0000000085500000|100%| O|  |TAMS 0x0000000085500000, 0x0000000085400000| Untracked 
|  85|0x0000000085500000, 0x0000000085600000, 0x0000000085600000|100%| O|  |TAMS 0x0000000085600000, 0x0000000085500000| Untracked 
|  86|0x0000000085600000, 0x0000000085700000, 0x0000000085700000|100%| O|  |TAMS 0x0000000085700000, 0x0000000085600000| Untracked 
|  87|0x0000000085700000, 0x0000000085800000, 0x0000000085800000|100%| O|  |TAMS 0x0000000085800000, 0x0000000085700000| Untracked 
|  88|0x0000000085800000, 0x0000000085800000, 0x0000000085900000|  0%| F|  |TAMS 0x0000000085800000, 0x0000000085800000| Untracked 
|  89|0x0000000085900000, 0x0000000085a00000, 0x0000000085a00000|100%| O|  |TAMS 0x0000000085a00000, 0x0000000085900000| Untracked 
|  90|0x0000000085a00000, 0x0000000085b00000, 0x0000000085b00000|100%| O|  |TAMS 0x0000000085b00000, 0x0000000085a00000| Untracked 
|  91|0x0000000085b00000, 0x0000000085b00000, 0x0000000085c00000|  0%| F|  |TAMS 0x0000000085b00000, 0x0000000085b00000| Untracked 
|  92|0x0000000085c00000, 0x0000000085c00000, 0x0000000085d00000|  0%| F|  |TAMS 0x0000000085c00000, 0x0000000085c00000| Untracked 
|  93|0x0000000085d00000, 0x0000000085d00000, 0x0000000085e00000|  0%| F|  |TAMS 0x0000000085d00000, 0x0000000085d00000| Untracked 
|  94|0x0000000085e00000, 0x0000000085f00000, 0x0000000085f00000|100%| O|  |TAMS 0x0000000085e00000, 0x0000000085e00000| Untracked 
|  95|0x0000000085f00000, 0x0000000085f00000, 0x0000000086000000|  0%| F|  |TAMS 0x0000000085f00000, 0x0000000085f00000| Untracked 
|  96|0x0000000086000000, 0x0000000086000000, 0x0000000086100000|  0%| F|  |TAMS 0x0000000086000000, 0x0000000086000000| Untracked 
|  97|0x0000000086100000, 0x0000000086100000, 0x0000000086200000|  0%| F|  |TAMS 0x0000000086100000, 0x0000000086100000| Untracked 
|  98|0x0000000086200000, 0x0000000086200000, 0x0000000086300000|  0%| F|  |TAMS 0x0000000086200000, 0x0000000086200000| Untracked 
|  99|0x0000000086300000, 0x0000000086300000, 0x0000000086400000|  0%| F|  |TAMS 0x0000000086300000, 0x0000000086300000| Untracked 
| 100|0x0000000086400000, 0x0000000086400000, 0x0000000086500000|  0%| F|  |TAMS 0x0000000086400000, 0x0000000086400000| Untracked 
| 101|0x0000000086500000, 0x0000000086500000, 0x0000000086600000|  0%| F|  |TAMS 0x0000000086500000, 0x0000000086500000| Untracked 
| 102|0x0000000086600000, 0x0000000086700000, 0x0000000086700000|100%| O|  |TAMS 0x0000000086700000, 0x0000000086600000| Untracked 
| 103|0x0000000086700000, 0x0000000086800000, 0x0000000086800000|100%| O|  |TAMS 0x0000000086800000, 0x0000000086700000| Untracked 
| 104|0x0000000086800000, 0x0000000086800000, 0x0000000086900000|  0%| F|  |TAMS 0x0000000086800000, 0x0000000086800000| Untracked 
| 105|0x0000000086900000, 0x0000000086900000, 0x0000000086a00000|  0%| F|  |TAMS 0x0000000086900000, 0x0000000086900000| Untracked 
| 106|0x0000000086a00000, 0x0000000086a00000, 0x0000000086b00000|  0%| F|  |TAMS 0x0000000086a00000, 0x0000000086a00000| Untracked 
| 107|0x0000000086b00000, 0x0000000086b00000, 0x0000000086c00000|  0%| F|  |TAMS 0x0000000086b00000, 0x0000000086b00000| Untracked 
| 108|0x0000000086c00000, 0x0000000086d00000, 0x0000000086d00000|100%| O|  |TAMS 0x0000000086d00000, 0x0000000086c00000| Untracked 
| 109|0x0000000086d00000, 0x0000000086e00000, 0x0000000086e00000|100%| O|  |TAMS 0x0000000086e00000, 0x0000000086d00000| Untracked 
| 110|0x0000000086e00000, 0x0000000086f00000, 0x0000000086f00000|100%| O|  |TAMS 0x0000000086f00000, 0x0000000086e00000| Untracked 
| 111|0x0000000086f00000, 0x0000000087000000, 0x0000000087000000|100%| O|  |TAMS 0x0000000087000000, 0x0000000086f00000| Untracked 
| 112|0x0000000087000000, 0x0000000087100000, 0x0000000087100000|100%| O|  |TAMS 0x0000000087100000, 0x0000000087000000| Untracked 
| 113|0x0000000087100000, 0x0000000087100000, 0x0000000087200000|  0%| F|  |TAMS 0x0000000087100000, 0x0000000087100000| Untracked 
| 114|0x0000000087200000, 0x0000000087300000, 0x0000000087300000|100%| O|  |TAMS 0x0000000087300000, 0x0000000087200000| Untracked 
| 115|0x0000000087300000, 0x0000000087400000, 0x0000000087400000|100%| O|  |TAMS 0x0000000087400000, 0x0000000087300000| Untracked 
| 116|0x0000000087400000, 0x0000000087500000, 0x0000000087500000|100%| O|  |TAMS 0x0000000087500000, 0x0000000087400000| Untracked 
| 117|0x0000000087500000, 0x0000000087500000, 0x0000000087600000|  0%| F|  |TAMS 0x0000000087500000, 0x0000000087500000| Untracked 
| 118|0x0000000087600000, 0x0000000087600000, 0x0000000087700000|  0%| F|  |TAMS 0x0000000087600000, 0x0000000087600000| Untracked 
| 119|0x0000000087700000, 0x0000000087700000, 0x0000000087800000|  0%| F|  |TAMS 0x0000000087700000, 0x0000000087700000| Untracked 
| 120|0x0000000087800000, 0x0000000087800000, 0x0000000087900000|  0%| F|  |TAMS 0x0000000087800000, 0x0000000087800000| Untracked 
| 121|0x0000000087900000, 0x0000000087900000, 0x0000000087a00000|  0%| F|  |TAMS 0x0000000087900000, 0x0000000087900000| Untracked 
| 122|0x0000000087a00000, 0x0000000087a00000, 0x0000000087b00000|  0%| F|  |TAMS 0x0000000087a00000, 0x0000000087a00000| Untracked 
| 123|0x0000000087b00000, 0x0000000087b00000, 0x0000000087c00000|  0%| F|  |TAMS 0x0000000087b00000, 0x0000000087b00000| Untracked 
| 124|0x0000000087c00000, 0x0000000087c00000, 0x0000000087d00000|  0%| F|  |TAMS 0x0000000087c00000, 0x0000000087c00000| Untracked 
| 125|0x0000000087d00000, 0x0000000087e00000, 0x0000000087e00000|100%| O|  |TAMS 0x0000000087d00000, 0x0000000087d00000| Untracked 
| 126|0x0000000087e00000, 0x0000000087ed6000, 0x0000000087f00000| 83%| O|  |TAMS 0x0000000087e00000, 0x0000000087e00000| Untracked 
| 127|0x0000000087f00000, 0x0000000087f00000, 0x0000000088000000|  0%| F|  |TAMS 0x0000000087f00000, 0x0000000087f00000| Untracked 
| 128|0x0000000088000000, 0x0000000088000000, 0x0000000088100000|  0%| F|  |TAMS 0x0000000088000000, 0x0000000088000000| Untracked 
| 129|0x0000000088100000, 0x0000000088200000, 0x0000000088200000|100%| O|  |TAMS 0x0000000088200000, 0x0000000088100000| Untracked 
| 130|0x0000000088200000, 0x0000000088200000, 0x0000000088300000|  0%| F|  |TAMS 0x0000000088200000, 0x0000000088200000| Untracked 
| 131|0x0000000088300000, 0x0000000088300000, 0x0000000088400000|  0%| F|  |TAMS 0x0000000088300000, 0x0000000088300000| Untracked 
| 132|0x0000000088400000, 0x0000000088500000, 0x0000000088500000|100%| O|  |TAMS 0x0000000088500000, 0x0000000088400000| Untracked 
| 133|0x0000000088500000, 0x0000000088500000, 0x0000000088600000|  0%| F|  |TAMS 0x0000000088500000, 0x0000000088500000| Untracked 
| 134|0x0000000088600000, 0x0000000088600000, 0x0000000088700000|  0%| F|  |TAMS 0x0000000088600000, 0x0000000088600000| Untracked 
| 135|0x0000000088700000, 0x0000000088700000, 0x0000000088800000|  0%| F|  |TAMS 0x0000000088700000, 0x0000000088700000| Untracked 
| 136|0x0000000088800000, 0x0000000088800000, 0x0000000088900000|  0%| F|  |TAMS 0x0000000088800000, 0x0000000088800000| Untracked 
| 137|0x0000000088900000, 0x0000000088a00000, 0x0000000088a00000|100%| O|  |TAMS 0x0000000088a00000, 0x0000000088900000| Untracked 
| 138|0x0000000088a00000, 0x0000000088b00000, 0x0000000088b00000|100%| O|  |TAMS 0x0000000088b00000, 0x0000000088a00000| Untracked 
| 139|0x0000000088b00000, 0x0000000088b00000, 0x0000000088c00000|  0%| F|  |TAMS 0x0000000088b00000, 0x0000000088b00000| Untracked 
| 140|0x0000000088c00000, 0x0000000088d00000, 0x0000000088d00000|100%| O|  |TAMS 0x0000000088d00000, 0x0000000088c00000| Untracked 
| 141|0x0000000088d00000, 0x0000000088e00000, 0x0000000088e00000|100%| O|  |TAMS 0x0000000088e00000, 0x0000000088d00000| Untracked 
| 142|0x0000000088e00000, 0x0000000088f00000, 0x0000000088f00000|100%| O|  |TAMS 0x0000000088f00000, 0x0000000088e00000| Untracked 
| 143|0x0000000088f00000, 0x0000000088f00000, 0x0000000089000000|  0%| F|  |TAMS 0x0000000088f00000, 0x0000000088f00000| Untracked 
| 144|0x0000000089000000, 0x0000000089000000, 0x0000000089100000|  0%| F|  |TAMS 0x0000000089000000, 0x0000000089000000| Untracked 
| 145|0x0000000089100000, 0x0000000089100000, 0x0000000089200000|  0%| F|  |TAMS 0x0000000089100000, 0x0000000089100000| Untracked 
| 146|0x0000000089200000, 0x0000000089200000, 0x0000000089300000|  0%| F|  |TAMS 0x0000000089200000, 0x0000000089200000| Untracked 
| 147|0x0000000089300000, 0x0000000089300000, 0x0000000089400000|  0%| F|  |TAMS 0x0000000089300000, 0x0000000089300000| Untracked 
| 148|0x0000000089400000, 0x0000000089400000, 0x0000000089500000|  0%| F|  |TAMS 0x0000000089400000, 0x0000000089400000| Untracked 
| 149|0x0000000089500000, 0x0000000089500000, 0x0000000089600000|  0%| F|  |TAMS 0x0000000089500000, 0x0000000089500000| Untracked 
| 150|0x0000000089600000, 0x0000000089600000, 0x0000000089700000|  0%| F|  |TAMS 0x0000000089600000, 0x0000000089600000| Untracked 
| 151|0x0000000089700000, 0x0000000089700000, 0x0000000089800000|  0%| F|  |TAMS 0x0000000089700000, 0x0000000089700000| Untracked 
| 152|0x0000000089800000, 0x0000000089800000, 0x0000000089900000|  0%| F|  |TAMS 0x0000000089800000, 0x0000000089800000| Untracked 
| 153|0x0000000089900000, 0x0000000089900000, 0x0000000089a00000|  0%| F|  |TAMS 0x0000000089900000, 0x0000000089900000| Untracked 
| 154|0x0000000089a00000, 0x0000000089a00000, 0x0000000089b00000|  0%| F|  |TAMS 0x0000000089a00000, 0x0000000089a00000| Untracked 
| 155|0x0000000089b00000, 0x0000000089b00000, 0x0000000089c00000|  0%| F|  |TAMS 0x0000000089b00000, 0x0000000089b00000| Untracked 
| 156|0x0000000089c00000, 0x0000000089c00000, 0x0000000089d00000|  0%| F|  |TAMS 0x0000000089c00000, 0x0000000089c00000| Untracked 
| 157|0x0000000089d00000, 0x0000000089d00000, 0x0000000089e00000|  0%| F|  |TAMS 0x0000000089d00000, 0x0000000089d00000| Untracked 
| 158|0x0000000089e00000, 0x0000000089e00000, 0x0000000089f00000|  0%| F|  |TAMS 0x0000000089e00000, 0x0000000089e00000| Untracked 
| 159|0x0000000089f00000, 0x0000000089f00000, 0x000000008a000000|  0%| F|  |TAMS 0x0000000089f00000, 0x0000000089f00000| Untracked 
| 160|0x000000008a000000, 0x000000008a000000, 0x000000008a100000|  0%| F|  |TAMS 0x000000008a000000, 0x000000008a000000| Untracked 
| 161|0x000000008a100000, 0x000000008a100000, 0x000000008a200000|  0%| F|  |TAMS 0x000000008a100000, 0x000000008a100000| Untracked 
| 162|0x000000008a200000, 0x000000008a200000, 0x000000008a300000|  0%| F|  |TAMS 0x000000008a200000, 0x000000008a200000| Untracked 
| 163|0x000000008a300000, 0x000000008a300000, 0x000000008a400000|  0%| F|  |TAMS 0x000000008a300000, 0x000000008a300000| Untracked 
| 164|0x000000008a400000, 0x000000008a400000, 0x000000008a500000|  0%| F|  |TAMS 0x000000008a400000, 0x000000008a400000| Untracked 
| 165|0x000000008a500000, 0x000000008a500000, 0x000000008a600000|  0%| F|  |TAMS 0x000000008a500000, 0x000000008a500000| Untracked 
| 166|0x000000008a600000, 0x000000008a600000, 0x000000008a700000|  0%| F|  |TAMS 0x000000008a600000, 0x000000008a600000| Untracked 
| 167|0x000000008a700000, 0x000000008a700000, 0x000000008a800000|  0%| F|  |TAMS 0x000000008a700000, 0x000000008a700000| Untracked 
| 168|0x000000008a800000, 0x000000008a800000, 0x000000008a900000|  0%| F|  |TAMS 0x000000008a800000, 0x000000008a800000| Untracked 
| 169|0x000000008a900000, 0x000000008a900000, 0x000000008aa00000|  0%| F|  |TAMS 0x000000008a900000, 0x000000008a900000| Untracked 
| 170|0x000000008aa00000, 0x000000008aa00000, 0x000000008ab00000|  0%| F|  |TAMS 0x000000008aa00000, 0x000000008aa00000| Untracked 
| 171|0x000000008ab00000, 0x000000008ab00000, 0x000000008ac00000|  0%| F|  |TAMS 0x000000008ab00000, 0x000000008ab00000| Untracked 
| 172|0x000000008ac00000, 0x000000008ac00000, 0x000000008ad00000|  0%| F|  |TAMS 0x000000008ac00000, 0x000000008ac00000| Untracked 
| 173|0x000000008ad00000, 0x000000008ad00000, 0x000000008ae00000|  0%| F|  |TAMS 0x000000008ad00000, 0x000000008ad00000| Untracked 
| 174|0x000000008ae00000, 0x000000008ae00000, 0x000000008af00000|  0%| F|  |TAMS 0x000000008ae00000, 0x000000008ae00000| Untracked 
| 175|0x000000008af00000, 0x000000008af00000, 0x000000008b000000|  0%| F|  |TAMS 0x000000008af00000, 0x000000008af00000| Untracked 
| 176|0x000000008b000000, 0x000000008b000000, 0x000000008b100000|  0%| F|  |TAMS 0x000000008b000000, 0x000000008b000000| Untracked 
| 177|0x000000008b100000, 0x000000008b100000, 0x000000008b200000|  0%| F|  |TAMS 0x000000008b100000, 0x000000008b100000| Untracked 
| 178|0x000000008b200000, 0x000000008b200000, 0x000000008b300000|  0%| F|  |TAMS 0x000000008b200000, 0x000000008b200000| Untracked 
| 179|0x000000008b300000, 0x000000008b300000, 0x000000008b400000|  0%| F|  |TAMS 0x000000008b300000, 0x000000008b300000| Untracked 
| 180|0x000000008b400000, 0x000000008b400000, 0x000000008b500000|  0%| F|  |TAMS 0x000000008b400000, 0x000000008b400000| Untracked 
| 181|0x000000008b500000, 0x000000008b500000, 0x000000008b600000|  0%| F|  |TAMS 0x000000008b500000, 0x000000008b500000| Untracked 
| 182|0x000000008b600000, 0x000000008b600000, 0x000000008b700000|  0%| F|  |TAMS 0x000000008b600000, 0x000000008b600000| Untracked 
| 183|0x000000008b700000, 0x000000008b700000, 0x000000008b800000|  0%| F|  |TAMS 0x000000008b700000, 0x000000008b700000| Untracked 
| 184|0x000000008b800000, 0x000000008b800000, 0x000000008b900000|  0%| F|  |TAMS 0x000000008b800000, 0x000000008b800000| Untracked 
| 185|0x000000008b900000, 0x000000008b900000, 0x000000008ba00000|  0%| F|  |TAMS 0x000000008b900000, 0x000000008b900000| Untracked 
| 186|0x000000008ba00000, 0x000000008ba00000, 0x000000008bb00000|  0%| F|  |TAMS 0x000000008ba00000, 0x000000008ba00000| Untracked 
| 187|0x000000008bb00000, 0x000000008bb00000, 0x000000008bc00000|  0%| F|  |TAMS 0x000000008bb00000, 0x000000008bb00000| Untracked 
| 188|0x000000008bc00000, 0x000000008bc00000, 0x000000008bd00000|  0%| F|  |TAMS 0x000000008bc00000, 0x000000008bc00000| Untracked 
| 189|0x000000008bd00000, 0x000000008bd00000, 0x000000008be00000|  0%| F|  |TAMS 0x000000008bd00000, 0x000000008bd00000| Untracked 
| 190|0x000000008be00000, 0x000000008be00000, 0x000000008bf00000|  0%| F|  |TAMS 0x000000008be00000, 0x000000008be00000| Untracked 
| 191|0x000000008bf00000, 0x000000008bf00000, 0x000000008c000000|  0%| F|  |TAMS 0x000000008bf00000, 0x000000008bf00000| Untracked 
| 192|0x000000008c000000, 0x000000008c000000, 0x000000008c100000|  0%| F|  |TAMS 0x000000008c000000, 0x000000008c000000| Untracked 
| 193|0x000000008c100000, 0x000000008c100000, 0x000000008c200000|  0%| F|  |TAMS 0x000000008c100000, 0x000000008c100000| Untracked 
| 194|0x000000008c200000, 0x000000008c200000, 0x000000008c300000|  0%| F|  |TAMS 0x000000008c200000, 0x000000008c200000| Untracked 
| 195|0x000000008c300000, 0x000000008c300000, 0x000000008c400000|  0%| F|  |TAMS 0x000000008c300000, 0x000000008c300000| Untracked 
| 196|0x000000008c400000, 0x000000008c400000, 0x000000008c500000|  0%| F|  |TAMS 0x000000008c400000, 0x000000008c400000| Untracked 
| 197|0x000000008c500000, 0x000000008c500000, 0x000000008c600000|  0%| F|  |TAMS 0x000000008c500000, 0x000000008c500000| Untracked 
| 198|0x000000008c600000, 0x000000008c600000, 0x000000008c700000|  0%| F|  |TAMS 0x000000008c600000, 0x000000008c600000| Untracked 
| 199|0x000000008c700000, 0x000000008c700000, 0x000000008c800000|  0%| F|  |TAMS 0x000000008c700000, 0x000000008c700000| Untracked 
| 200|0x000000008c800000, 0x000000008c800000, 0x000000008c900000|  0%| F|  |TAMS 0x000000008c800000, 0x000000008c800000| Untracked 
| 201|0x000000008c900000, 0x000000008c900000, 0x000000008ca00000|  0%| F|  |TAMS 0x000000008c900000, 0x000000008c900000| Untracked 
| 202|0x000000008ca00000, 0x000000008ca00000, 0x000000008cb00000|  0%| F|  |TAMS 0x000000008ca00000, 0x000000008ca00000| Untracked 
| 203|0x000000008cb00000, 0x000000008cb00000, 0x000000008cc00000|  0%| F|  |TAMS 0x000000008cb00000, 0x000000008cb00000| Untracked 
| 204|0x000000008cc00000, 0x000000008cc00000, 0x000000008cd00000|  0%| F|  |TAMS 0x000000008cc00000, 0x000000008cc00000| Untracked 
| 205|0x000000008cd00000, 0x000000008cd00000, 0x000000008ce00000|  0%| F|  |TAMS 0x000000008cd00000, 0x000000008cd00000| Untracked 
| 206|0x000000008ce00000, 0x000000008ce00000, 0x000000008cf00000|  0%| F|  |TAMS 0x000000008ce00000, 0x000000008ce00000| Untracked 
| 207|0x000000008cf00000, 0x000000008cf00000, 0x000000008d000000|  0%| F|  |TAMS 0x000000008cf00000, 0x000000008cf00000| Untracked 
| 208|0x000000008d000000, 0x000000008d000000, 0x000000008d100000|  0%| F|  |TAMS 0x000000008d000000, 0x000000008d000000| Untracked 
| 209|0x000000008d100000, 0x000000008d100000, 0x000000008d200000|  0%| F|  |TAMS 0x000000008d100000, 0x000000008d100000| Untracked 
| 210|0x000000008d200000, 0x000000008d200000, 0x000000008d300000|  0%| F|  |TAMS 0x000000008d200000, 0x000000008d200000| Untracked 
| 211|0x000000008d300000, 0x000000008d300000, 0x000000008d400000|  0%| F|  |TAMS 0x000000008d300000, 0x000000008d300000| Untracked 
| 212|0x000000008d400000, 0x000000008d400000, 0x000000008d500000|  0%| F|  |TAMS 0x000000008d400000, 0x000000008d400000| Untracked 
| 213|0x000000008d500000, 0x000000008d500000, 0x000000008d600000|  0%| F|  |TAMS 0x000000008d500000, 0x000000008d500000| Untracked 
| 214|0x000000008d600000, 0x000000008d600000, 0x000000008d700000|  0%| F|  |TAMS 0x000000008d600000, 0x000000008d600000| Untracked 
| 215|0x000000008d700000, 0x000000008d700000, 0x000000008d800000|  0%| F|  |TAMS 0x000000008d700000, 0x000000008d700000| Untracked 
| 216|0x000000008d800000, 0x000000008d800000, 0x000000008d900000|  0%| F|  |TAMS 0x000000008d800000, 0x000000008d800000| Untracked 
| 217|0x000000008d900000, 0x000000008d900000, 0x000000008da00000|  0%| F|  |TAMS 0x000000008d900000, 0x000000008d900000| Untracked 
| 218|0x000000008da00000, 0x000000008da00000, 0x000000008db00000|  0%| F|  |TAMS 0x000000008da00000, 0x000000008da00000| Untracked 
| 219|0x000000008db00000, 0x000000008db00000, 0x000000008dc00000|  0%| F|  |TAMS 0x000000008db00000, 0x000000008db00000| Untracked 
| 220|0x000000008dc00000, 0x000000008dc00000, 0x000000008dd00000|  0%| F|  |TAMS 0x000000008dc00000, 0x000000008dc00000| Untracked 
| 221|0x000000008dd00000, 0x000000008dd00000, 0x000000008de00000|  0%| F|  |TAMS 0x000000008dd00000, 0x000000008dd00000| Untracked 
| 222|0x000000008de00000, 0x000000008de00000, 0x000000008df00000|  0%| F|  |TAMS 0x000000008de00000, 0x000000008de00000| Untracked 
| 223|0x000000008df00000, 0x000000008df00000, 0x000000008e000000|  0%| F|  |TAMS 0x000000008df00000, 0x000000008df00000| Untracked 
| 224|0x000000008e000000, 0x000000008e000000, 0x000000008e100000|  0%| F|  |TAMS 0x000000008e000000, 0x000000008e000000| Untracked 
| 225|0x000000008e100000, 0x000000008e100000, 0x000000008e200000|  0%| F|  |TAMS 0x000000008e100000, 0x000000008e100000| Untracked 
| 226|0x000000008e200000, 0x000000008e200000, 0x000000008e300000|  0%| F|  |TAMS 0x000000008e200000, 0x000000008e200000| Untracked 
| 227|0x000000008e300000, 0x000000008e300000, 0x000000008e400000|  0%| F|  |TAMS 0x000000008e300000, 0x000000008e300000| Untracked 
| 228|0x000000008e400000, 0x000000008e400000, 0x000000008e500000|  0%| F|  |TAMS 0x000000008e400000, 0x000000008e400000| Untracked 
| 229|0x000000008e500000, 0x000000008e500000, 0x000000008e600000|  0%| F|  |TAMS 0x000000008e500000, 0x000000008e500000| Untracked 
| 230|0x000000008e600000, 0x000000008e600000, 0x000000008e700000|  0%| F|  |TAMS 0x000000008e600000, 0x000000008e600000| Untracked 
| 231|0x000000008e700000, 0x000000008e700000, 0x000000008e800000|  0%| F|  |TAMS 0x000000008e700000, 0x000000008e700000| Untracked 
| 232|0x000000008e800000, 0x000000008e800000, 0x000000008e900000|  0%| F|  |TAMS 0x000000008e800000, 0x000000008e800000| Untracked 
| 233|0x000000008e900000, 0x000000008e900000, 0x000000008ea00000|  0%| F|  |TAMS 0x000000008e900000, 0x000000008e900000| Untracked 
| 234|0x000000008ea00000, 0x000000008ea00000, 0x000000008eb00000|  0%| F|  |TAMS 0x000000008ea00000, 0x000000008ea00000| Untracked 
| 235|0x000000008eb00000, 0x000000008eb00000, 0x000000008ec00000|  0%| F|  |TAMS 0x000000008eb00000, 0x000000008eb00000| Untracked 
| 236|0x000000008ec00000, 0x000000008ec00000, 0x000000008ed00000|  0%| F|  |TAMS 0x000000008ec00000, 0x000000008ec00000| Untracked 
| 237|0x000000008ed00000, 0x000000008ed00000, 0x000000008ee00000|  0%| F|  |TAMS 0x000000008ed00000, 0x000000008ed00000| Untracked 
| 238|0x000000008ee00000, 0x000000008ee00000, 0x000000008ef00000|  0%| F|  |TAMS 0x000000008ee00000, 0x000000008ee00000| Untracked 
| 239|0x000000008ef00000, 0x000000008ef00000, 0x000000008f000000|  0%| F|  |TAMS 0x000000008ef00000, 0x000000008ef00000| Untracked 
| 240|0x000000008f000000, 0x000000008f000000, 0x000000008f100000|  0%| F|  |TAMS 0x000000008f000000, 0x000000008f000000| Untracked 
| 241|0x000000008f100000, 0x000000008f100000, 0x000000008f200000|  0%| F|  |TAMS 0x000000008f100000, 0x000000008f100000| Untracked 
| 242|0x000000008f200000, 0x000000008f200000, 0x000000008f300000|  0%| F|  |TAMS 0x000000008f200000, 0x000000008f200000| Untracked 
| 243|0x000000008f300000, 0x000000008f300000, 0x000000008f400000|  0%| F|  |TAMS 0x000000008f300000, 0x000000008f300000| Untracked 
| 244|0x000000008f400000, 0x000000008f400000, 0x000000008f500000|  0%| F|  |TAMS 0x000000008f400000, 0x000000008f400000| Untracked 
| 245|0x000000008f500000, 0x000000008f500000, 0x000000008f600000|  0%| F|  |TAMS 0x000000008f500000, 0x000000008f500000| Untracked 
| 246|0x000000008f600000, 0x000000008f600000, 0x000000008f700000|  0%| F|  |TAMS 0x000000008f600000, 0x000000008f600000| Untracked 
| 247|0x000000008f700000, 0x000000008f700000, 0x000000008f800000|  0%| F|  |TAMS 0x000000008f700000, 0x000000008f700000| Untracked 
| 248|0x000000008f800000, 0x000000008f800000, 0x000000008f900000|  0%| F|  |TAMS 0x000000008f800000, 0x000000008f800000| Untracked 
| 249|0x000000008f900000, 0x000000008f900000, 0x000000008fa00000|  0%| F|  |TAMS 0x000000008f900000, 0x000000008f900000| Untracked 
| 250|0x000000008fa00000, 0x000000008fa00000, 0x000000008fb00000|  0%| F|  |TAMS 0x000000008fa00000, 0x000000008fa00000| Untracked 
| 251|0x000000008fb00000, 0x000000008fb00000, 0x000000008fc00000|  0%| F|  |TAMS 0x000000008fb00000, 0x000000008fb00000| Untracked 
| 252|0x000000008fc00000, 0x000000008fc00000, 0x000000008fd00000|  0%| F|  |TAMS 0x000000008fc00000, 0x000000008fc00000| Untracked 
| 253|0x000000008fd00000, 0x000000008fdc0838, 0x000000008fe00000| 75%| E|  |TAMS 0x000000008fd00000, 0x000000008fd00000| Complete 
| 254|0x000000008fe00000, 0x000000008fe60870, 0x000000008ff00000| 37%| S|CS|TAMS 0x000000008fe00000, 0x000000008fe00000| Complete 
| 255|0x000000008ff00000, 0x0000000090000000, 0x0000000090000000|100%| S|CS|TAMS 0x000000008ff00000, 0x000000008ff00000| Complete 
| 256|0x0000000090000000, 0x0000000090100000, 0x0000000090100000|100%| E|CS|TAMS 0x0000000090000000, 0x0000000090000000| Complete 
| 257|0x0000000090100000, 0x0000000090200000, 0x0000000090200000|100%| E|CS|TAMS 0x0000000090100000, 0x0000000090100000| Complete 
| 258|0x0000000090200000, 0x0000000090300000, 0x0000000090300000|100%| E|CS|TAMS 0x0000000090200000, 0x0000000090200000| Complete 
| 259|0x0000000090300000, 0x0000000090400000, 0x0000000090400000|100%| E|CS|TAMS 0x0000000090300000, 0x0000000090300000| Complete 
| 260|0x0000000090400000, 0x0000000090500000, 0x0000000090500000|100%| E|CS|TAMS 0x0000000090400000, 0x0000000090400000| Complete 
| 261|0x0000000090500000, 0x0000000090600000, 0x0000000090600000|100%| E|CS|TAMS 0x0000000090500000, 0x0000000090500000| Complete 
| 262|0x0000000090600000, 0x0000000090700000, 0x0000000090700000|100%| E|CS|TAMS 0x0000000090600000, 0x0000000090600000| Complete 
| 263|0x0000000090700000, 0x0000000090800000, 0x0000000090800000|100%| E|CS|TAMS 0x0000000090700000, 0x0000000090700000| Complete 
| 264|0x0000000090800000, 0x0000000090900000, 0x0000000090900000|100%| E|CS|TAMS 0x0000000090800000, 0x0000000090800000| Complete 

Card table byte_map: [0x000001f555cb0000,0x000001f5560b0000] _byte_map_base: 0x000001f5558b0000

Marking Bits (Prev, Next): (CMBitMap*) 0x000001f5428795d8, (CMBitMap*) 0x000001f542879610
 Prev Bits: [0x000001f5564b0000, 0x000001f5584b0000)
 Next Bits: [0x000001f5584b0000, 0x000001f55a4b0000)

Polling page: 0x000001f5407d0000

Metaspace:

Usage:
  Non-class:    121.42 MB capacity,   118.07 MB ( 97%) used,     2.73 MB (  2%) free+waste,   633.19 KB ( <1%) overhead. 
      Class:     18.62 MB capacity,    16.65 MB ( 89%) used,     1.69 MB (  9%) free+waste,   280.50 KB (  1%) overhead. 
       Both:    140.03 MB capacity,   134.72 MB ( 96%) used,     4.42 MB (  3%) free+waste,   913.69 KB ( <1%) overhead. 

Virtual space:
  Non-class space:      122.00 MB reserved,     121.60 MB (>99%) committed 
      Class space:        1.00 GB reserved,      18.82 MB (  2%) committed 
             Both:        1.12 GB reserved,     140.42 MB ( 12%) committed 

Chunk freelists:
   Non-Class:  185.00 KB
       Class:  105.00 KB
        Both:  290.00 KB

MaxMetaspaceSize: 17179869184.00 GB
CompressedClassSpaceSize: 1.00 GB
Initial GC threshold: 20.80 MB
Current GC threshold: 234.04 MB
CDS: off

CodeHeap 'non-profiled nmethods': size=120000Kb used=21828Kb max_used=21828Kb free=98171Kb
 bounds [0x000001f54de30000, 0x000001f54f390000, 0x000001f555360000]
CodeHeap 'profiled nmethods': size=120000Kb used=57703Kb max_used=57703Kb free=62296Kb
 bounds [0x000001f546900000, 0x000001f54a160000, 0x000001f54de30000]
CodeHeap 'non-nmethods': size=5760Kb used=2475Kb max_used=2546Kb free=3284Kb
 bounds [0x000001f546360000, 0x000001f546600000, 0x000001f546900000]
 total_blobs=27838 nmethods=26831 adapters=917
 compilation: enabled
              stopped_count=0, restarted_count=0
 full_count=0

Compilation events (20 events):
Event: 4479.694 Thread 0x000001f55da05800 31864       3       org.gradle.internal.component.external.model.AbstractLazyModuleComponentResolveMetadata::isMissing (5 bytes)
Event: 4479.694 Thread 0x000001f55da05800 nmethod 31864 0x000001f54a15a790 code [0x000001f54a15a940, 0x000001f54a15aa58]
Event: 4479.694 Thread 0x000001f55da05800 31865       3       org.gradle.api.internal.artifacts.ivyservice.ivyresolve.UserResolverChain$ModuleTransformer::transform (9 bytes)
Event: 4479.694 Thread 0x000001f55da05800 nmethod 31865 0x000001f54a15ab10 code [0x000001f54a15ace0, 0x000001f54a15af08]
Event: 4479.694 Thread 0x000001f55da05800 31866       3       org.gradle.api.internal.artifacts.ivyservice.ivyresolve.UserResolverChain$ModuleTransformer::transform (41 bytes)
Event: 4479.694 Thread 0x000001f55da05800 nmethod 31866 0x000001f54a15b010 code [0x000001f54a15b220, 0x000001f54a15b848]
Event: 4479.694 Thread 0x000001f55da05800 31867       3       org.gradle.internal.component.model.ImmutableModuleSources::of (66 bytes)
Event: 4479.694 Thread 0x000001f566518800 nmethod 31855 0x000001f54f37d710 code [0x000001f54f37d920, 0x000001f54f37e168]
Event: 4479.694 Thread 0x000001f566518800 31862   !   4       java.util.concurrent.ConcurrentHashMap::transfer (828 bytes)
Event: 4479.695 Thread 0x000001f55da05800 nmethod 31867 0x000001f54a15ba90 code [0x000001f54a15bd60, 0x000001f54a15cd88]
Event: 4479.695 Thread 0x000001f55da05800 31868       3       org.gradle.internal.component.external.model.maven.DefaultMavenModuleResolveMetadata::withSources (6 bytes)
Event: 4479.695 Thread 0x000001f55da05800 nmethod 31868 0x000001f54a15d290 code [0x000001f54a15d460, 0x000001f54a15d788]
Event: 4479.703 Thread 0x000001f55da05800 31869       3       org.gradle.api.internal.artifacts.ivyservice.resolveengine.graph.builder.NodeState::dependencies (94 bytes)
Event: 4479.703 Thread 0x000001f55da05800 nmethod 31869 0x000001f54a15d890 code [0x000001f54a15dae0, 0x000001f54a15e4a8]
Event: 4479.710 Thread 0x000001f55da05800 31871       3       org.gradle.api.internal.artifacts.ivyservice.resolveengine.artifact.ArtifactBackedResolvedVariant::getArtifacts (13 bytes)
Event: 4479.710 Thread 0x000001f55da05800 nmethod 31871 0x000001f54a15e790 code [0x000001f54a15e960, 0x000001f54a15ec28]
Event: 4479.712 Thread 0x000001f55da05800 31872       3       org.gradle.api.internal.artifacts.ivyservice.ivyresolve.RepositoryChainArtifactResolver::findSourceRepository (48 bytes)
Event: 4479.712 Thread 0x000001f55da05800 nmethod 31872 0x000001f54a15ed10 code [0x000001f54a15ef40, 0x000001f54a15f678]
Event: 4479.713 Thread 0x000001f566518800 nmethod 31862 0x000001f54f37e910 code [0x000001f54f37eae0, 0x000001f54f380018]
Event: 4479.713 Thread 0x000001f566518800 31870       4       java.util.regex.Matcher::reset (128 bytes)

GC Heap History (20 events):
Event: 2579.017 GC heap before
{Heap before GC invocations=90 (full 0):
 garbage-first heap   total 271360K, used 118578K [0x0000000080000000, 0x0000000100000000)
  region size 1024K, 13 young (13312K), 5 survivors (5120K)
 Metaspace       used 137448K, capacity 142946K, committed 143280K, reserved 1173504K
  class space    used 17081K, capacity 19139K, committed 19276K, reserved 1048576K
}
Event: 2579.020 GC heap after
{Heap after GC invocations=91 (full 0):
 garbage-first heap   total 271360K, used 104624K [0x0000000080000000, 0x0000000100000000)
  region size 1024K, 2 young (2048K), 2 survivors (2048K)
 Metaspace       used 137448K, capacity 142946K, committed 143280K, reserved 1173504K
  class space    used 17081K, capacity 19139K, committed 19276K, reserved 1048576K
}
Event: 4369.630 GC heap before
{Heap before GC invocations=91 (full 0):
 garbage-first heap   total 271360K, used 208048K [0x0000000080000000, 0x0000000100000000)
  region size 1024K, 104 young (106496K), 2 survivors (2048K)
 Metaspace       used 137549K, capacity 143076K, committed 143280K, reserved 1173504K
  class space    used 17083K, capacity 19139K, committed 19276K, reserved 1048576K
}
Event: 4369.639 GC heap after
{Heap after GC invocations=92 (full 0):
 garbage-first heap   total 271360K, used 111175K [0x0000000080000000, 0x0000000100000000)
  region size 1024K, 9 young (9216K), 9 survivors (9216K)
 Metaspace       used 137549K, capacity 143076K, committed 143280K, reserved 1173504K
  class space    used 17083K, capacity 19139K, committed 19276K, reserved 1048576K
}
Event: 4370.842 GC heap before
{Heap before GC invocations=93 (full 0):
 garbage-first heap   total 271360K, used 211527K [0x0000000080000000, 0x0000000100000000)
  region size 1024K, 108 young (110592K), 9 survivors (9216K)
 Metaspace       used 137603K, capacity 142972K, committed 143536K, reserved 1173504K
  class space    used 17045K, capacity 19060K, committed 19276K, reserved 1048576K
}
Event: 4370.851 GC heap after
{Heap after GC invocations=94 (full 0):
 garbage-first heap   total 271360K, used 119443K [0x0000000080000000, 0x0000000100000000)
  region size 1024K, 10 young (10240K), 10 survivors (10240K)
 Metaspace       used 137603K, capacity 142972K, committed 143536K, reserved 1173504K
  class space    used 17045K, capacity 19060K, committed 19276K, reserved 1048576K
}
Event: 4370.891 GC heap before
{Heap before GC invocations=94 (full 0):
 garbage-first heap   total 271360K, used 124563K [0x0000000080000000, 0x0000000100000000)
  region size 1024K, 13 young (13312K), 10 survivors (10240K)
 Metaspace       used 137609K, capacity 142972K, committed 143536K, reserved 1173504K
  class space    used 17045K, capacity 19060K, committed 19276K, reserved 1048576K
}
Event: 4370.903 GC heap after
{Heap after GC invocations=95 (full 0):
 garbage-first heap   total 271360K, used 113877K [0x0000000080000000, 0x0000000100000000)
  region size 1024K, 2 young (2048K), 2 survivors (2048K)
 Metaspace       used 137609K, capacity 142972K, committed 143536K, reserved 1173504K
  class space    used 17045K, capacity 19060K, committed 19276K, reserved 1048576K
}
Event: 4371.231 GC heap before
{Heap before GC invocations=95 (full 0):
 garbage-first heap   total 271360K, used 175317K [0x0000000080000000, 0x0000000100000000)
  region size 1024K, 64 young (65536K), 2 survivors (2048K)
 Metaspace       used 137683K, capacity 143046K, committed 143536K, reserved 1173504K
  class space    used 17045K, capacity 19061K, committed 19276K, reserved 1048576K
}
Event: 4371.236 GC heap after
{Heap after GC invocations=96 (full 0):
 garbage-first heap   total 271360K, used 119300K [0x0000000080000000, 0x0000000100000000)
  region size 1024K, 8 young (8192K), 8 survivors (8192K)
 Metaspace       used 137683K, capacity 143046K, committed 143536K, reserved 1173504K
  class space    used 17045K, capacity 19061K, committed 19276K, reserved 1048576K
}
Event: 4455.506 GC heap before
{Heap before GC invocations=97 (full 0):
 garbage-first heap   total 271360K, used 255492K [0x0000000080000000, 0x0000000100000000)
  region size 1024K, 98 young (100352K), 8 survivors (8192K)
 Metaspace       used 137785K, capacity 143247K, committed 143792K, reserved 1173504K
  class space    used 17047K, capacity 19061K, committed 19276K, reserved 1048576K
}
Event: 4455.510 GC heap after
{Heap after GC invocations=98 (full 0):
 garbage-first heap   total 271360K, used 120514K [0x0000000080000000, 0x0000000100000000)
  region size 1024K, 3 young (3072K), 3 survivors (3072K)
 Metaspace       used 137785K, capacity 143247K, committed 143792K, reserved 1173504K
  class space    used 17047K, capacity 19061K, committed 19276K, reserved 1048576K
}
Event: 4455.565 GC heap before
{Heap before GC invocations=98 (full 0):
 garbage-first heap   total 271360K, used 130754K [0x0000000080000000, 0x0000000100000000)
  region size 1024K, 13 young (13312K), 3 survivors (3072K)
 Metaspace       used 137811K, capacity 143247K, committed 143792K, reserved 1173504K
  class space    used 17047K, capacity 19061K, committed 19276K, reserved 1048576K
}
Event: 4455.572 GC heap after
{Heap after GC invocations=99 (full 0):
 garbage-first heap   total 271360K, used 115200K [0x0000000080000000, 0x0000000100000000)
  region size 1024K, 2 young (2048K), 2 survivors (2048K)
 Metaspace       used 137811K, capacity 143247K, committed 143792K, reserved 1173504K
  class space    used 17047K, capacity 19061K, committed 19276K, reserved 1048576K
}
Event: 4455.728 GC heap before
{Heap before GC invocations=99 (full 0):
 garbage-first heap   total 271360K, used 138752K [0x0000000080000000, 0x0000000100000000)
  region size 1024K, 27 young (27648K), 2 survivors (2048K)
 Metaspace       used 137826K, capacity 143248K, committed 143792K, reserved 1173504K
  class space    used 17047K, capacity 19061K, committed 19276K, reserved 1048576K
}
Event: 4455.741 GC heap after
{Heap after GC invocations=100 (full 0):
 garbage-first heap   total 271360K, used 118573K [0x0000000080000000, 0x0000000100000000)
  region size 1024K, 6 young (6144K), 6 survivors (6144K)
 Metaspace       used 137826K, capacity 143248K, committed 143792K, reserved 1173504K
  class space    used 17047K, capacity 19061K, committed 19276K, reserved 1048576K
}
Event: 4456.086 GC heap before
{Heap before GC invocations=101 (full 0):
 garbage-first heap   total 271360K, used 181037K [0x0000000080000000, 0x0000000100000000)
  region size 1024K, 71 young (72704K), 6 survivors (6144K)
 Metaspace       used 137897K, capacity 143382K, committed 143792K, reserved 1173504K
  class space    used 17047K, capacity 19061K, committed 19276K, reserved 1048576K
}
Event: 4456.089 GC heap after
{Heap after GC invocations=102 (full 0):
 garbage-first heap   total 271360K, used 115849K [0x0000000080000000, 0x0000000100000000)
  region size 1024K, 4 young (4096K), 4 survivors (4096K)
 Metaspace       used 137897K, capacity 143382K, committed 143792K, reserved 1173504K
  class space    used 17047K, capacity 19061K, committed 19276K, reserved 1048576K
}
Event: 4479.682 GC heap before
{Heap before GC invocations=102 (full 0):
 garbage-first heap   total 271360K, used 145545K [0x0000000080000000, 0x0000000100000000)
  region size 1024K, 13 young (13312K), 4 survivors (4096K)
 Metaspace       used 137935K, capacity 143382K, committed 143792K, reserved 1173504K
  class space    used 17047K, capacity 19061K, committed 19276K, reserved 1048576K
}
Event: 4479.686 GC heap after
{Heap after GC invocations=103 (full 0):
 garbage-first heap   total 271360K, used 101594K [0x0000000080000000, 0x0000000100000000)
  region size 1024K, 2 young (2048K), 2 survivors (2048K)
 Metaspace       used 137935K, capacity 143382K, committed 143792K, reserved 1173504K
  class space    used 17047K, capacity 19061K, committed 19276K, reserved 1048576K
}

Deoptimization events (20 events):
Event: 4456.001 Thread 0x000001f56043b000 DEOPT PACKING pc=0x000001f54910b176 sp=0x000000381c0fd270
Event: 4456.001 Thread 0x000001f56043b000 DEOPT UNPACKING pc=0x000001f5463aa95e sp=0x000000381c0fc790 mode 0
Event: 4456.006 Thread 0x000001f56043b000 DEOPT PACKING pc=0x000001f54910b176 sp=0x000000381c0fbdc0
Event: 4456.006 Thread 0x000001f56043b000 DEOPT UNPACKING pc=0x000001f5463aa95e sp=0x000000381c0fb2e0 mode 0
Event: 4456.007 Thread 0x000001f56043b000 Uncommon trap: trap_request=0xffffff76 fr.pc=0x000001f54f2ad0d8 relative=0x0000000000006238
Event: 4456.007 Thread 0x000001f56043b000 Uncommon trap: reason=loop_limit_check action=maybe_recompile pc=0x000001f54f2ad0d8 method=com.android.tools.r8.internal.Af.a(Lcom/android/tools/r8/internal/yu;Lcom/android/tools/r8/internal/yu;)Z @ 65 c2
Event: 4456.007 Thread 0x000001f56043b000 DEOPT PACKING pc=0x000001f54f2ad0d8 sp=0x000000381c0fc110
Event: 4456.007 Thread 0x000001f56043b000 DEOPT UNPACKING pc=0x000001f5463aa1af sp=0x000000381c0fc058 mode 2
Event: 4456.026 Thread 0x000001f56043b000 DEOPT PACKING pc=0x000001f549b5b7c6 sp=0x000000381c0fc7c0
Event: 4456.026 Thread 0x000001f56043b000 DEOPT UNPACKING pc=0x000001f5463aa95e sp=0x000000381c0fbd00 mode 0
Event: 4456.042 Thread 0x000001f560446000 DEOPT PACKING pc=0x000001f54910b155 sp=0x000000381c8fd150
Event: 4456.042 Thread 0x000001f560446000 DEOPT UNPACKING pc=0x000001f5463aa95e sp=0x000000381c8fc670 mode 0
Event: 4456.150 Thread 0x000001f569071800 Uncommon trap: trap_request=0xfffffff4 fr.pc=0x000001f54e1ceb5c relative=0x00000000000008fc
Event: 4456.150 Thread 0x000001f569071800 Uncommon trap: reason=null_check action=make_not_entrant pc=0x000001f54e1ceb5c method=java.lang.ThreadLocal$ThreadLocalMap.set(Ljava/lang/ThreadLocal;Ljava/lang/Object;)V @ 36 c2
Event: 4456.150 Thread 0x000001f569071800 DEOPT PACKING pc=0x000001f54e1ceb5c sp=0x000000380fbfc5e0
Event: 4456.150 Thread 0x000001f569071800 DEOPT UNPACKING pc=0x000001f5463aa1af sp=0x000000380fbfc5a0 mode 2
Event: 4479.691 Thread 0x000001f569071800 DEOPT PACKING pc=0x000001f54910b155 sp=0x000000380fbf83b0
Event: 4479.691 Thread 0x000001f569071800 DEOPT UNPACKING pc=0x000001f5463aa95e sp=0x000000380fbf78d0 mode 0
Event: 4479.710 Thread 0x000001f569071800 DEOPT PACKING pc=0x000001f54910b176 sp=0x000000380fbf92a0
Event: 4479.710 Thread 0x000001f569071800 DEOPT UNPACKING pc=0x000001f5463aa95e sp=0x000000380fbf87c0 mode 0

Classes redefined (0 events):
No events

Internal exceptions (20 events):
Event: 4455.925 Thread 0x000001f563a19000 Exception <a 'sun/nio/fs/WindowsException'{0x000000008e4519d0}> (0x000000008e4519d0) thrown at [src/hotspot/share/prims/jni.cpp, line 617]
Event: 4455.927 Thread 0x000001f563a19000 Exception <a 'sun/nio/fs/WindowsException'{0x000000008e4d7e78}> (0x000000008e4d7e78) thrown at [src/hotspot/share/prims/jni.cpp, line 617]
Event: 4455.927 Thread 0x000001f563a19000 Exception <a 'sun/nio/fs/WindowsException'{0x000000008e4d7fb0}> (0x000000008e4d7fb0) thrown at [src/hotspot/share/prims/jni.cpp, line 617]
Event: 4455.928 Thread 0x000001f563a19000 Exception <a 'sun/nio/fs/WindowsException'{0x000000008e33c280}> (0x000000008e33c280) thrown at [src/hotspot/share/prims/jni.cpp, line 617]
Event: 4455.928 Thread 0x000001f563a19000 Exception <a 'sun/nio/fs/WindowsException'{0x000000008e33c3b8}> (0x000000008e33c3b8) thrown at [src/hotspot/share/prims/jni.cpp, line 617]
Event: 4455.929 Thread 0x000001f563a19000 Exception <a 'sun/nio/fs/WindowsException'{0x000000008e3b12b0}> (0x000000008e3b12b0) thrown at [src/hotspot/share/prims/jni.cpp, line 617]
Event: 4455.929 Thread 0x000001f563a19000 Exception <a 'sun/nio/fs/WindowsException'{0x000000008e3b13f8}> (0x000000008e3b13f8) thrown at [src/hotspot/share/prims/jni.cpp, line 617]
Event: 4455.930 Thread 0x000001f563a19000 Exception <a 'sun/nio/fs/WindowsException'{0x000000008e3e5e50}> (0x000000008e3e5e50) thrown at [src/hotspot/share/prims/jni.cpp, line 617]
Event: 4455.930 Thread 0x000001f563a19000 Exception <a 'sun/nio/fs/WindowsException'{0x000000008e3e5fb8}> (0x000000008e3e5fb8) thrown at [src/hotspot/share/prims/jni.cpp, line 617]
Event: 4455.947 Thread 0x000001f563a19000 Exception <a 'sun/nio/fs/WindowsException'{0x000000008de7cc80}> (0x000000008de7cc80) thrown at [src/hotspot/share/prims/jni.cpp, line 617]
Event: 4455.948 Thread 0x000001f563a19000 Exception <a 'sun/nio/fs/WindowsException'{0x000000008de85d48}> (0x000000008de85d48) thrown at [src/hotspot/share/prims/jni.cpp, line 617]
Event: 4455.951 Thread 0x000001f563a19000 Exception <a 'sun/nio/fs/WindowsException'{0x000000008dee1e50}> (0x000000008dee1e50) thrown at [src/hotspot/share/prims/jni.cpp, line 617]
Event: 4456.000 Thread 0x000001f56043b000 Exception <a 'sun/nio/fs/WindowsException'{0x000000008d3b59c0}> (0x000000008d3b59c0) thrown at [src/hotspot/share/prims/jni.cpp, line 617]
Event: 4456.028 Thread 0x000001f56043b000 Exception <a 'sun/nio/fs/WindowsException'{0x000000008c954080}> (0x000000008c954080) thrown at [src/hotspot/share/prims/jni.cpp, line 617]
Event: 4456.041 Thread 0x000001f560446000 Exception <a 'sun/nio/fs/WindowsException'{0x000000008c8fdcf0}> (0x000000008c8fdcf0) thrown at [src/hotspot/share/prims/jni.cpp, line 617]
Event: 4456.044 Thread 0x000001f560446000 Exception <a 'sun/nio/fs/WindowsException'{0x000000008c7cf7d0}> (0x000000008c7cf7d0) thrown at [src/hotspot/share/prims/jni.cpp, line 617]
Event: 4456.150 Thread 0x000001f569071800 Implicit null exception at 0x000001f54e1ce302 to 0x000001f54e1ceb44
Event: 4456.151 Thread 0x000001f569071800 Exception <a 'sun/nio/fs/WindowsException'{0x0000000090684908}> (0x0000000090684908) thrown at [src/hotspot/share/prims/jni.cpp, line 617]
Event: 4456.151 Thread 0x000001f569071800 Exception <a 'sun/nio/fs/WindowsException'{0x0000000090684990}> (0x0000000090684990) thrown at [src/hotspot/share/prims/jni.cpp, line 617]
Event: 4456.151 Thread 0x000001f569071800 Exception <a 'sun/nio/fs/WindowsException'{0x0000000090686220}> (0x0000000090686220) thrown at [src/hotspot/share/prims/jni.cpp, line 617]

Events (20 events):
Event: 4479.714 Thread 0x000001f569078800 Thread added: 0x000001f569078800
Event: 4479.714 Thread 0x000001f56907b000 Thread added: 0x000001f56907b000
Event: 4479.714 Thread 0x000001f56907a800 Thread added: 0x000001f56907a800
Event: 4479.714 Thread 0x000001f56907d000 Thread added: 0x000001f56907d000
Event: 4479.714 Thread 0x000001f569077000 Thread added: 0x000001f569077000
Event: 4479.714 Thread 0x000001f56907d800 Thread added: 0x000001f56907d800
Event: 4479.714 Thread 0x000001f569078000 Thread added: 0x000001f569078000
Event: 4479.715 Thread 0x000001f569079800 Thread added: 0x000001f569079800
Event: 4479.715 Thread 0x000001f569080000 Thread added: 0x000001f569080000
Event: 4479.715 Thread 0x000001f569082800 Thread added: 0x000001f569082800
Event: 4479.715 Thread 0x000001f569083800 Thread added: 0x000001f569083800
Event: 4479.715 Thread 0x000001f569084000 Thread added: 0x000001f569084000
Event: 4479.715 Thread 0x000001f569081800 Thread added: 0x000001f569081800
Event: 4479.715 Thread 0x000001f56907e800 Thread added: 0x000001f56907e800
Event: 4479.715 Thread 0x000001f569085000 Thread added: 0x000001f569085000
Event: 4479.715 Thread 0x000001f56907f000 Thread added: 0x000001f56907f000
Event: 4479.715 Thread 0x000001f569085800 Thread added: 0x000001f569085800
Event: 4479.716 Thread 0x000001f569086800 Thread added: 0x000001f569086800
Event: 4479.716 Thread 0x000001f569081000 Thread added: 0x000001f569081000
Event: 4479.716 Thread 0x000001f56908a800 Thread added: 0x000001f56908a800


Dynamic libraries:
0x00007ff6cb790000 - 0x00007ff6cb79a000 	C:\Program Files\Android\Android Studio\jbr\bin\java.exe
0x00007ff99db10000 - 0x00007ff99dd08000 	C:\WINDOWS\SYSTEM32\ntdll.dll
0x00007ff99cd70000 - 0x00007ff99ce2f000 	C:\WINDOWS\System32\KERNEL32.DLL
0x00007ff99b3c0000 - 0x00007ff99b692000 	C:\WINDOWS\System32\KERNELBASE.dll
0x00007ff99b210000 - 0x00007ff99b310000 	C:\WINDOWS\System32\ucrtbase.dll
0x00007ff990030000 - 0x00007ff990047000 	C:\Program Files\Android\Android Studio\jbr\bin\jli.dll
0x00007ff976fc0000 - 0x00007ff976fdb000 	C:\Program Files\Android\Android Studio\jbr\bin\VCRUNTIME140.dll
0x00007ff99d6e0000 - 0x00007ff99d881000 	C:\WINDOWS\System32\USER32.dll
0x00007ff982040000 - 0x00007ff9822da000 	C:\WINDOWS\WinSxS\amd64_microsoft.windows.common-controls_6595b64144ccf1df_6.0.19041.1110_none_60b5254171f9507e\COMCTL32.dll
0x00007ff99bb30000 - 0x00007ff99bb52000 	C:\WINDOWS\System32\win32u.dll
0x00007ff99bd10000 - 0x00007ff99bdae000 	C:\WINDOWS\System32\msvcrt.dll
0x00007ff99c7b0000 - 0x00007ff99c7db000 	C:\WINDOWS\System32\GDI32.dll
0x00007ff99b890000 - 0x00007ff99b99f000 	C:\WINDOWS\System32\gdi32full.dll
0x00007ff99b7a0000 - 0x00007ff99b83d000 	C:\WINDOWS\System32\msvcp_win.dll
0x00007ff99bdb0000 - 0x00007ff99bde0000 	C:\WINDOWS\System32\IMM32.DLL
0x00007ff990020000 - 0x00007ff99002c000 	C:\Program Files\Android\Android Studio\jbr\bin\vcruntime140_1.dll
0x00007ff92fdc0000 - 0x00007ff92fe4d000 	C:\Program Files\Android\Android Studio\jbr\bin\msvcp140.dll
0x00007ff9293a0000 - 0x00007ff929f5c000 	C:\Program Files\Android\Android Studio\jbr\bin\server\jvm.dll
0x00007ff99d450000 - 0x00007ff99d4fe000 	C:\WINDOWS\System32\ADVAPI32.dll
0x00007ff99cc60000 - 0x00007ff99ccfc000 	C:\WINDOWS\System32\sechost.dll
0x00007ff99d500000 - 0x00007ff99d624000 	C:\WINDOWS\System32\RPCRT4.dll
0x00007ff99c7e0000 - 0x00007ff99c7e8000 	C:\WINDOWS\System32\PSAPI.DLL
0x00007ff990010000 - 0x00007ff990019000 	C:\WINDOWS\SYSTEM32\WSOCK32.dll
0x00007ff9952d0000 - 0x00007ff9952da000 	C:\WINDOWS\SYSTEM32\VERSION.dll
0x00007ff990b70000 - 0x00007ff990b97000 	C:\WINDOWS\SYSTEM32\WINMM.dll
0x00007ff99cd00000 - 0x00007ff99cd6b000 	C:\WINDOWS\System32\WS2_32.dll
0x00007ff9990f0000 - 0x00007ff999102000 	C:\WINDOWS\SYSTEM32\kernel.appcore.dll
0x00007ff990000000 - 0x00007ff990010000 	C:\Program Files\Android\Android Studio\jbr\bin\verify.dll
0x00007ff988a40000 - 0x00007ff988c24000 	C:\WINDOWS\SYSTEM32\DBGHELP.DLL
0x00007ff984e70000 - 0x00007ff984ea5000 	C:\WINDOWS\SYSTEM32\dbgcore.DLL
0x00007ff99b6a0000 - 0x00007ff99b722000 	C:\WINDOWS\System32\bcryptPrimitives.dll
0x00007ff98d950000 - 0x00007ff98d978000 	C:\Program Files\Android\Android Studio\jbr\bin\java.dll
0x00007ff98fa40000 - 0x00007ff98fa4a000 	C:\Program Files\Android\Android Studio\jbr\bin\jimage.dll
0x00007ff98d750000 - 0x00007ff98d768000 	C:\Program Files\Android\Android Studio\jbr\bin\zip.dll
0x00007ff99bde0000 - 0x00007ff99c525000 	C:\WINDOWS\System32\SHELL32.dll
0x00007ff9992f0000 - 0x00007ff999a82000 	C:\WINDOWS\SYSTEM32\windows.storage.dll
0x00007ff99ce30000 - 0x00007ff99d185000 	C:\WINDOWS\System32\combase.dll
0x00007ff99ac70000 - 0x00007ff99aca0000 	C:\WINDOWS\SYSTEM32\Wldp.dll
0x00007ff99c530000 - 0x00007ff99c5dd000 	C:\WINDOWS\System32\SHCORE.dll
0x00007ff99c6e0000 - 0x00007ff99c735000 	C:\WINDOWS\System32\shlwapi.dll
0x00007ff99b150000 - 0x00007ff99b16f000 	C:\WINDOWS\SYSTEM32\profapi.dll
0x00007ff98d1d0000 - 0x00007ff98d1e9000 	C:\Program Files\Android\Android Studio\jbr\bin\net.dll
0x00007ff9952e0000 - 0x00007ff9953ea000 	C:\WINDOWS\SYSTEM32\WINHTTP.dll
0x00007ff99a9d0000 - 0x00007ff99aa3a000 	C:\WINDOWS\system32\mswsock.dll
0x00007ff9863f0000 - 0x00007ff986403000 	C:\Program Files\Android\Android Studio\jbr\bin\nio.dll
0x00007ff986360000 - 0x00007ff986387000 	C:\Users\adamd\.gradle\native\e1d6ef7f7dcc3fd88c89a11ec53ec762bb8ba0a96d01ffa2cd45eb1d1d8dd5c5\windows-amd64\native-platform.dll
0x00007ff92a6e0000 - 0x00007ff92a824000 	C:\Users\adamd\.gradle\native\0d407fdbe67a94daf76414ababcb853783967236a71b16ec16e742cd7a986fd3\windows-amd64\native-platform-file-events.dll
0x00007ff98d740000 - 0x00007ff98d74a000 	C:\Program Files\Android\Android Studio\jbr\bin\management.dll
0x00007ff988a30000 - 0x00007ff988a3b000 	C:\Program Files\Android\Android Studio\jbr\bin\management_ext.dll
0x00007ff99abc0000 - 0x00007ff99abd8000 	C:\WINDOWS\SYSTEM32\CRYPTSP.dll
0x00007ff99a280000 - 0x00007ff99a2b4000 	C:\WINDOWS\system32\rsaenh.dll
0x00007ff99b9a0000 - 0x00007ff99b9c7000 	C:\WINDOWS\System32\bcrypt.dll
0x00007ff99b0d0000 - 0x00007ff99b0fe000 	C:\WINDOWS\SYSTEM32\USERENV.dll
0x00007ff99abe0000 - 0x00007ff99abec000 	C:\WINDOWS\SYSTEM32\CRYPTBASE.dll
0x00007ff99a670000 - 0x00007ff99a6ab000 	C:\WINDOWS\SYSTEM32\IPHLPAPI.DLL
0x00007ff99d910000 - 0x00007ff99d918000 	C:\WINDOWS\System32\NSI.dll
0x00007ff995c30000 - 0x00007ff995c47000 	C:\WINDOWS\SYSTEM32\dhcpcsvc6.DLL
0x00007ff995c10000 - 0x00007ff995c2d000 	C:\WINDOWS\SYSTEM32\dhcpcsvc.DLL
0x00007ff99a6c0000 - 0x00007ff99a78b000 	C:\WINDOWS\SYSTEM32\DNSAPI.dll
0x00007ff986190000 - 0x00007ff9861b7000 	C:\Program Files\Android\Android Studio\jbr\bin\sunec.dll
0x00007ff99a3a0000 - 0x00007ff99a3d3000 	C:\WINDOWS\SYSTEM32\ntmarta.dll

dbghelp: loaded successfully - version: 4.0.5 - missing functions: none
symbol engine: initialized successfully - sym options: 0x614 - pdb path: .;C:\Program Files\Android\Android Studio\jbr\bin;C:\WINDOWS\SYSTEM32;C:\WINDOWS\WinSxS\amd64_microsoft.windows.common-controls_6595b64144ccf1df_6.0.19041.1110_none_60b5254171f9507e;C:\Program Files\Android\Android Studio\jbr\bin\server;C:\Users\adamd\.gradle\native\e1d6ef7f7dcc3fd88c89a11ec53ec762bb8ba0a96d01ffa2cd45eb1d1d8dd5c5\windows-amd64;C:\Users\adamd\.gradle\native\0d407fdbe67a94daf76414ababcb853783967236a71b16ec16e742cd7a986fd3\windows-amd64

VM Arguments:
jvm_args: --add-opens=java.base/java.util=ALL-UNNAMED --add-opens=java.base/java.lang=ALL-UNNAMED --add-opens=java.base/java.lang.invoke=ALL-UNNAMED --add-opens=java.base/java.util=ALL-UNNAMED --add-opens=java.prefs/java.util.prefs=ALL-UNNAMED --add-opens=java.prefs/java.util.prefs=ALL-UNNAMED --add-opens=java.base/java.nio.charset=ALL-UNNAMED --add-opens=java.base/java.net=ALL-UNNAMED --add-opens=java.base/java.util.concurrent.atomic=ALL-UNNAMED -Xmx2048m -Dfile.encoding=UTF-8 -Duser.country=US -Duser.language=en -Duser.variant 
java_command: org.gradle.launcher.daemon.bootstrap.GradleDaemon 7.5
java_class_path (initial): C:\Users\adamd\.gradle\wrapper\dists\gradle-7.5-bin\f1w0cc9nuo0eivz97x2xlu9sv\gradle-7.5\lib\gradle-launcher-7.5.jar
Launcher Type: SUN_STANDARD

[Global flags]
     intx CICompilerCount                          = 4                                         {product} {ergonomic}
     uint ConcGCThreads                            = 3                                         {product} {ergonomic}
     uint G1ConcRefinementThreads                  = 10                                        {product} {ergonomic}
   size_t G1HeapRegionSize                         = 1048576                                   {product} {ergonomic}
    uintx GCDrainStackTargetSize                   = 64                                        {product} {ergonomic}
   size_t InitialHeapSize                          = 268435456                                 {product} {ergonomic}
   size_t MarkStackSize                            = 4194304                                   {product} {ergonomic}
   size_t MaxHeapSize                              = 2147483648                                {product} {command line}
   size_t MaxNewSize                               = 1287651328                                {product} {ergonomic}
   size_t MinHeapDeltaBytes                        = 1048576                                   {product} {ergonomic}
    uintx NonNMethodCodeHeapSize                   = 5836300                                {pd product} {ergonomic}
    uintx NonProfiledCodeHeapSize                  = 122910970                              {pd product} {ergonomic}
    uintx ProfiledCodeHeapSize                     = 122910970                              {pd product} {ergonomic}
    uintx ReservedCodeCacheSize                    = 251658240                              {pd product} {ergonomic}
     bool SegmentedCodeCache                       = true                                      {product} {ergonomic}
     bool UseCompressedClassPointers               = true                                 {lp64_product} {ergonomic}
     bool UseCompressedOops                        = true                                 {lp64_product} {ergonomic}
     bool UseG1GC                                  = true                                      {product} {ergonomic}
     bool UseLargePagesIndividualAllocation        = false                                  {pd product} {ergonomic}

Logging:
Log output configuration:
 #0: stdout all=warning uptime,level,tags
 #1: stderr all=off uptime,level,tags

Environment Variables:
PATH=C:\Program Files\Common Files\Oracle\Java\javapath;C:\WINDOWS\system32;C:\WINDOWS;C:\WINDOWS\System32\Wbem;C:\WINDOWS\System32\WindowsPowerShell\v1.0\;C:\WINDOWS\System32\OpenSSH\;C:\Program Files\NVIDIA Corporation\NVIDIA NvDLISR;C:\Program Files\nodejs\;C:\Program Files (x86)\NVIDIA Corporation\PhysX\Common;C:\Program Files\Git\cmd;C:\Users\adamd\AppData\Local\Programs\Python\Python311\Scripts\;C:\Users\adamd\AppData\Local\Programs\Python\Python311\;C:\Users\adamd\AppData\Local\Microsoft\WindowsApps;C:\Users\adamd\AppData\Roaming\npm;C:\Users\adamd\AppData\Local\Programs\Microsoft VS Code\bin
USERNAME=adamd
OS=Windows_NT
PROCESSOR_IDENTIFIER=Intel64 Family 6 Model 165 Stepping 3, GenuineIntel



---------------  S Y S T E M  ---------------

OS: Windows 10 , 64 bit Build 19041 (10.0.19041.2546)
OS uptime: 0 days 1:22 hours

CPU:total 12 (initial active 12) (6 cores per cpu, 2 threads per core) family 6 model 165 stepping 3 microcode 0xec, cmov, cx8, fxsr, mmx, sse, sse2, sse3, ssse3, sse4.1, sse4.2, popcnt, avx, avx2, aes, clmul, erms, 3dnowpref, lzcnt, ht, tsc, tscinvbit, bmi1, bmi2, adx, fma

Memory: 4k page, system-wide physical 16280M (5035M free)
TotalPageFile size 18328M (AvailPageFile size 0M)
current process WorkingSet (physical memory assigned to process): 664M, peak: 687M
current process commit charge ("private bytes"): 748M, peak: 762M

vm_info: OpenJDK 64-Bit Server VM (11.0.15+0-b2043.56-9505619) for windows-amd64 JRE (11.0.15+0-b2043.56-9505619), built on Jan 19 2023 02:48:00 by "builduser" with unknown MS VC++:1929

END.
